
Showing logs for build [32mentando-k8s-entando-k8s-plugin-7blpw-13[0m stage [32mfrom-build-pack[0m and container [32mstep-credential-initializer-5kv6j[0m
{"level":"warn","ts":1611913233.171257,"logger":"fallback-logger","caller":"logging/config.go:69","msg":"Fetch GitHub commit ID from kodata failed: \"ref: refs/heads/0.8.0-**-support-backwards-incompats\" is not a valid GitHub commit ID"}
{"level":"info","ts":1611913233.1865377,"logger":"fallback-logger","caller":"creds-init/main.go:40","msg":"Credentials initialized."}

Showing logs for build [32mentando-k8s-entando-k8s-plugin-7blpw-13[0m stage [32mfrom-build-pack[0m and container [32mstep-working-dir-initializer-ct5b8[0m
{"level":"warn","ts":1611913234.5643601,"logger":"fallback-logger","caller":"logging/config.go:69","msg":"Fetch GitHub commit ID from kodata failed: open /var/run/ko/HEAD: no such file or directory"}
{"level":"info","ts":1611913234.5797727,"logger":"fallback-logger","caller":"bash/main.go:64","msg":"Successfully e**cuted command \"sh -c mkdir -p /workspace/source\"; output "}

Showing logs for build [32mentando-k8s-entando-k8s-plugin-7blpw-13[0m stage [32mfrom-build-pack[0m and container [32mstep-place-tools[0m

Showing logs for build [32mentando-k8s-entando-k8s-plugin-7blpw-13[0m stage [32mfrom-build-pack[0m and container [32mstep-git-source-entando-k8s-entando-k8s-plugin-kp7rc[0m
{"level":"warn","ts":1611913270.799635,"logger":"fallback-logger","caller":"logging/config.go:69","msg":"Fetch GitHub commit ID from kodata failed: \"ref: refs/heads/0.8.0-**-support-backwards-incompats\" is not a valid GitHub commit ID"}
{"level":"info","ts":1611913272.179611,"logger":"fallback-logger","caller":"git/git.go:103","msg":"Successfully cloned https://github.com/entando-k8s/entando-k8s-plugin-controller.git @ master in path /workspace/source"}

Showing logs for build [32mentando-k8s-entando-k8s-plugin-7blpw-13[0m stage [32mfrom-build-pack[0m and container [32mstep-git-merge[0m
Using SHAs from PULL_REFS=master:90d2151064805c1948cbbd7e5d74e92694dd13e2,19:839ae22faec9aef6a719e9f1b06789a922eb2446
DEBUG: ran git fetch --unshallow origin 839ae22faec9aef6a719e9f1b06789a922eb2446: 90d2151064805c1948cbbd7e5d74e92694dd13e2: in 
DEBUG: ran git checkout master in 
DEBUG: ran git reset --hard 90d2151064805c1948cbbd7e5d74e92694dd13e2 in 
DEBUG: ran clean --force -d . in 
DEBUG: ran git merge 839ae22faec9aef6a719e9f1b06789a922eb2446 in 
Merged SHA 839ae22faec9aef6a719e9f1b06789a922eb2446 with commit message 'ENG-1740 fi**d bug around confusion of EMBEDDED and NONE DbmsVendor' into base branch master
Merged SHA e5c081599cc8f6bad9c7fe8b2a9b4d5686424d30 with commit message 'ENG-1740 bumped to latest operator-common' into base branch master
Merged SHA 72b8a37c14bdde6b0f7bd6d36ef94eff00905843 with commit message 'ENG-1740 migrated to latest operator-common' into base branch master
Merged SHA c506d46ee35187571e0c71d3cbac15013bda7dad with commit message 'ENG-1740 bumped to latest operator-common' into base branch master
Merged SHA 2aa5683b445da646620390f1aee2be7bad79ccdb with commit message 'ENG-1740 using new ubi baseimage' into base branch master
Merged SHA 613df15c78a558830eacf8bb3d6ea3c527e41a57 with commit message 'ENG-1740 forced STRICT mode in RedHat compliance mode' into base branch master
Merged SHA 9110ee83a66bced1d8dacc7fed3ea0216215bffc with commit message 'ENG-1740 bumped to latest operator-common' into base branch master
Merged SHA 93835f04dfc1cf4143efbb8175b5b53ce713ced2 with commit message 'ENG-1740 fi**d parameterized test' into base branch master
Merged SHA d2672d03abe33ccb07f8f5c907042cfc1044ff66 with commit message 'ENG-1740 fi**d parameterized test' into base branch master
Merged SHA 9ceb7ceee81f3d8b74a58ac80515e63f13132adf with commit message 'ENG-1740 bumped custom-model to a version compatible with Openshift 4.6' into base branch master
Merged SHA 45dc3969c4b50a12ed52fd1ba4e7e97a59685212 with commit message 'ENG-1740 merged master' into base branch master
Merged SHA 82cdb128d324bd9a7fa107780b5be2ed620d0801 with commit message 'ENG-1740 commit after initial migration to Red Hat compliance' into base branch master
Merged SHA 07086d4bc270c09850e48543d0f93ec1932fd668 with commit message 'ENG-1740 Initial Red Hat Certification migration' into base branch master

Showing logs for build [32mentando-k8s-entando-k8s-plugin-7blpw-13[0m stage [32mfrom-build-pack[0m and container [32mstep-build-set-version[0m
Picked up _JAVA_OPTIONS: -XX:+UnlockExperimentalVMOptions -Dsun.zip.disableMemoryMapping=**** -XX:+UseParallelGC -XX:MinHeapFreeRatio=5 -XX:MaxHeapFreeRatio=10 -XX:GCTimeRatio=4 -XX:AdaptiveSizePolicyWeight=90 -Xms1000m -Xmx12000m
[INFO] Scanning for projects...
[INFO] 
[INFO] -------------< org.entando:entando-k8s-plugin-controller >--------------
[INFO] Building Entando K8S Controller for Entando Plugin Deployments 6.3.0-SNAPSHOT
[INFO] --------------------------------[ jar ]---------------------------------
[INFO] 
[INFO] --- versions-maven-plugin:2.8.1:set (default-cli) @ entando-k8s-plugin-controller ---
[INFO] Local aggregation ****: /workspace/source
[INFO] Processing change of org.entando:entando-k8s-plugin-controller:6.3.0-SNAPSHOT -> 0.0.0-SNAPSHOT-PR-19-13
[INFO] Processing org.entando:entando-k8s-plugin-controller
[INFO]     Updating project org.entando:entando-k8s-plugin-controller
[INFO]         from version 6.3.0-SNAPSHOT to 0.0.0-SNAPSHOT-PR-19-13
[INFO] 
[INFO] ------------------------------------------------------------------------
[INFO] BUILD SUCCESS
[INFO] ------------------------------------------------------------------------
[INFO] Total time:  10.306 s
[INFO] Finished at: 2021-01-29T09:41:28Z
[INFO] ------------------------------------------------------------------------

Showing logs for build [32mentando-k8s-entando-k8s-plugin-7blpw-13[0m stage [32mfrom-build-pack[0m and container [32mstep-build-fix-git-for-sonar[0m
Switched to a new branch 'PR-19'
M	pom.xml
Deleted branch master (was 839ae22).
From https://github.com/entando-k8s/entando-k8s-plugin-controller
 * [new branch]      master     -> master

Showing logs for build [32mentando-k8s-entando-k8s-plugin-7blpw-13[0m stage [32mfrom-build-pack[0m and container [32mstep-build-mvn-verify-pr[0m
  % Total    % Received % Xferd  Average Speed   Time    Time     Time  Current
                                 Dload  Upload   Total   Spent    Left  Speed
  0     0    0     0    0     0      0      0 --:--:-- --:--:-- --:--:--     0 11  1874    0     0  100   221      0    341 --:--:-- --:--:-- --:--:--   344100  1874  100  1653  100   221   2551    341 --:--:-- --:--:-- --:--:--  2574
{
  "url": "https://api.github.com/repos/entando-k8s/entando-k8s-plugin-controller/statuses/839ae22faec9aef6a719e9f1b06789a922eb2446",
  "avatar_url": "https://avatars.githubusercontent.com/u/57885396?v=4",
  "id": 12007756396,
  "node_id": "MDEzOlN0YXR1c0NvbnRleHQxMjAwNzc1NjM5Ng==",
  "state": "pending",
  "description": "Pre-deployment tests pending!",
  "target_url": "https://entando-k8s.github.io/devops-results/entando-k8s-plugin-controller/PR-19/surefire-report.html",
  "context": "Pre-deployment tests",
  "created_at": "2021-01-29T09:41:30Z",
  "updated_at": "2021-01-29T09:41:30Z",
  "creator": {
    "login": "entando-**",
    "id": 57885396,
    "node_id": "MDQ6VXNlcjU3ODg1Mzk2",
    "avatar_url": "https://avatars.githubusercontent.com/u/57885396?v=4",
    "gravatar_id": "",
    "url": "https://api.github.com/users/entando-**",
    "html_url": "https://github.com/entando-**",
    "followers_url": "https://api.github.com/users/entando-**/followers",
    "following_url": "https://api.github.com/users/entando-**/following{/other_user}",
    "gists_url": "https://api.github.com/users/entando-**/gists{/gist_id}",
    "starred_url": "https://api.github.com/users/entando-**/starred{/owner}{/repo}",
    "subscriptions_url": "https://api.github.com/users/**********/subscriptions",
    "organizations_url": "https://api.github.com/users/entando-**/orgs",
    "repos_url": "https://api.github.com/users/entando-**/repos",
    "events_url": "https://api.github.com/users/entando-**/events{/privacy}",
    "received_events_url": "https://api.github.com/users/entando-**/received_events",
    "type": "User",
    "site_*****": false
  }
}
  % Total    % Received % Xferd  Average Speed   Time    Time     Time  Current
                                 Dload  Upload   Total   Spent    Left  Speed
{
  "url": "https://api.github.com/repos/entando-k8s/entando-k8s-plugin-controller/statuses/839ae22faec9aef6a719e9f1b06789a922eb2446",
  "avatar_url": "https://avatars.githubusercontent.com/u/57885396?v=4",
  "id": 12007756498,
  "node_id": "MDEzOlN0YXR1c0NvbnRleHQxMjAwNzc1NjQ5OA==",
  "state": "pending",
  "description": "Post-deployment tests pending!",
  "target_url": "https://entando-k8s.github.io/devops-results/entando-k8s-plugin-controller/PR-19/failsafe-report.html",
  "context": "Post-deployment tests",
  "created_at": "2021-01-29T09:41:31Z",
  "updated_at": "2021-01-29T09:41:31Z",
  "creator": {
    "login": "entando-**",
    "id": 57885396,
  0     0    0     0    0     0      0      0 --:--:-- --:--:-- --:--:--     0100  1878  100  1655  100   223   2816    379 --:--:-- --:--:-- --:--:--  2819
    "node_id": "MDQ6VXNlcjU3ODg1Mzk2",
    "avatar_url": "https://avatars.githubusercontent.com/u/57885396?v=4",
    "gravatar_id": "",
    "url": "https://api.github.com/users/entando-**",
    "html_url": "https://github.com/entando-**",
    "followers_url": "https://api.github.com/users/**********/followers",
    "following_url": "https://api.github.com/users/**********/following{/other_user}",
    "gists_url": "https://api.github.com/users/**********/gists{/gist_id}",
    "starred_url": "https://api.github.com/users/entando-**/starred{/owner}{/repo}",
    "subscriptions_url": "https://api.github.com/users/**********/subscriptions",
    "organizations_url": "https://api.github.com/users/**********/orgs",
    "repos_url": "https://api.github.com/users/entando-**/repos",
    "events_url": "https://api.github.com/users/entando-**/events{/privacy}",
    "received_events_url": "https://api.github.com/users/**********/received_events",
    "type": "User",
    "site_*****": false
  }
}
  % Total    % Received % Xferd  Average Speed   Time    Time     Time  Current
                                 Dload  Upload   Total   Spent    Left  Speed
  0     0    0     0    0     0      0      0 --:--:-- --:--:-- --:--:--     0  0     0    0     0    0     0      0      0 --:--:-- --:--:-- --:--:--     0100  1824  100  1628  100   196   2483    298 --:--:-- --:--:-- --:--:--  2481
{
  "url": "https://api.github.com/repos/entando-k8s/entando-k8s-plugin-controller/statuses/839ae22faec9aef6a719e9f1b06789a922eb2446",
  "avatar_url": "https://avatars.githubusercontent.com/u/57885396?v=4",
  "id": 12007756609,
  "node_id": "MDEzOlN0YXR1c0NvbnRleHQxMjAwNzc1NjYwOQ==",
  "state": "pending",
  "description": "Checkstyle pending!",
  "target_url": "https://entando-k8s.github.io/devops-results/entando-k8s-plugin-controller/PR-19/checkstyle.html",
  "context": "Checkstyle",
  "created_at": "2021-01-29T09:41:31Z",
  "updated_at": "2021-01-29T09:41:31Z",
  "creator": {
    "login": "entando-**",
    "id": 57885396,
    "node_id": "MDQ6VXNlcjU3ODg1Mzk2",
    "avatar_url": "https://avatars.githubusercontent.com/u/57885396?v=4",
    "gravatar_id": "",
    "url": "https://api.github.com/users/entando-**",
    "html_url": "https://github.com/entando-**",
    "followers_url": "https://api.github.com/users/entando-**/followers",
    "following_url": "https://api.github.com/users/entando-**/following{/other_user}",
    "gists_url": "https://api.github.com/users/entando-**/gists{/gist_id}",
    "starred_url": "https://api.github.com/users/entando-**/starred{/owner}{/repo}",
    "subscriptions_url": "https://api.github.com/users/entando-**/subscriptions",
    "organizations_url": "https://api.github.com/users/entando-**/orgs",
    "repos_url": "https://api.github.com/users/entando-**/repos",
    "events_url": "https://api.github.com/users/entando-**/events{/privacy}",
    "received_events_url": "https://api.github.com/users/entando-**/received_events",
    "type": "User",
    "site_*****": false
  }
}
  % Total    % Received % Xferd  Average Speed   Time    Time     Time  Current
                                 Dload  Upload   Total   Spent    Left  Speed
  0     0    0     0    0     0      0      0 --:--:-- --:--:-- --:--:--     0 11  1846    0     0  100   207      0    362 --:--:-- --:--:-- --:--:--   362100  1846  100  1639  100   207   2872    362 --:--:-- --:--:-- --:--:--  2870
{
  "url": "https://api.github.com/repos/entando-k8s/entando-k8s-plugin-controller/statuses/839ae22faec9aef6a719e9f1b06789a922eb2446",
  "avatar_url": "https://avatars.githubusercontent.com/u/57885396?v=4",
  "id": 12007756717,
  "node_id": "MDEzOlN0YXR1c0NvbnRleHQxMjAwNzc1NjcxNw==",
  "state": "pending",
  "description": "OWASP CVE pending!",
  "target_url": "https://entando-k8s.github.io/devops-results/entando-k8s-plugin-controller/PR-19/dependency-check-report.html",
  "context": "OWASP CVE",
  "created_at": "2021-01-29T09:41:32Z",
  "updated_at": "2021-01-29T09:41:32Z",
  "creator": {
    "login": "**********",
    "id": 57885396,
    "node_id": "MDQ6VXNlcjU3ODg1Mzk2",
    "avatar_url": "https://avatars.githubusercontent.com/u/57885396?v=4",
    "gravatar_id": "",
    "url": "https://api.github.com/users/entando-**",
    "html_url": "https://github.com/entando-**",
    "followers_url": "https://api.github.com/users/**********/followers",
    "following_url": "https://api.github.com/users/entando-**/following{/other_user}",
    "gists_url": "https://api.github.com/users/entando-**/gists{/gist_id}",
    "starred_url": "https://api.github.com/users/**********/starred{/owner}{/repo}",
    "subscriptions_url": "https://api.github.com/users/entando-**/subscriptions",
    "organizations_url": "https://api.github.com/users/entando-**/orgs",
    "repos_url": "https://api.github.com/users/**********/repos",
    "events_url": "https://api.github.com/users/**********/events{/privacy}",
    "received_events_url": "https://api.github.com/users/entando-**/received_events",
    "type": "User",
    "site_*****": false
  }
}
Picked up _JAVA_OPTIONS: -XX:+UnlockExperimentalVMOptions -Dsun.zip.disableMemoryMapping=**** -XX:+UseParallelGC -XX:MinHeapFreeRatio=5 -XX:MaxHeapFreeRatio=10 -XX:GCTimeRatio=4 -XX:AdaptiveSizePolicyWeight=90 -Xms1000m -Xmx12000m
[INFO] Scanning for projects...
[INFO] 
[INFO] -------------< org.entando:entando-k8s-plugin-controller >--------------
[INFO] Building Entando K8S Controller for Entando Plugin Deployments 0.0.0-SNAPSHOT-PR-19-13
[INFO] --------------------------------[ jar ]---------------------------------
[INFO] 
[INFO] --- maven-checkstyle-plugin:3.1.1:check (validate) @ entando-k8s-plugin-controller ---
[INFO] Starting audit...
Audit done.
[INFO] You have 0 Checkstyle violations.
[INFO] 
[INFO] --- maven-checkstyle-plugin:3.1.1:checkstyle (validate) @ entando-k8s-plugin-controller ---
[INFO] Starting audit...
Audit done.
[INFO] 
[INFO] --- jacoco-maven-plugin:0.8.5:prepare-agent (prepare-agent) @ entando-k8s-plugin-controller ---
[INFO] argLine set to -javaagent:/home/jenkins/.mvnrepository/org/jacoco/org.jacoco.agent/0.8.5/org.jacoco.agent-0.8.5-runtime.jar=destfile=/workspace/source/target/jacoco.e**c
[INFO] 
[INFO] --- maven-resources-plugin:2.6:resources (default-resources) @ entando-k8s-plugin-controller ---
[INFO] Using 'UTF-8' encoding to copy filtered resources.
[INFO] Copying 3 resources
[INFO] 
[INFO] --- maven-compiler-plugin:3.8.1:compile (default-compile) @ entando-k8s-plugin-controller ---
[INFO] Changes detected - recompiling the module!
[INFO] Compiling 5 source files to /workspace/source/target/classes
[INFO] 
[INFO] --- maven-resources-plugin:2.6:testResources (default-testResources) @ entando-k8s-plugin-controller ---
[INFO] Using 'UTF-8' encoding to copy filtered resources.
[INFO] Copying 6 resources
[INFO] 
[INFO] --- maven-compiler-plugin:3.8.1:testCompile (default-testCompile) @ entando-k8s-plugin-controller ---
[INFO] Changes detected - recompiling the module!
[INFO] Compiling 8 source files to /workspace/source/target/test-classes
[INFO] 
[INFO] --- maven-surefire-plugin:3.0.0-M1:test (default-test) @ entando-k8s-plugin-controller ---
[INFO] 
[INFO] -------------------------------------------------------
[INFO]  T E S T S
[INFO] -------------------------------------------------------
[INFO] Running org.entando.kubernetes.controller.plugin.inprocesstests.DeployPluginTest
[INFO] Tests run: 6, Failures: 0, Errors: 0, Skipped: 0, Time elapsed: 5.921 s - in org.entando.kubernetes.controller.plugin.inprocesstests.DeployPluginTest
[INFO] Running org.entando.kubernetes.controller.plugin.inprocesstests.DeployPluginWithoutDbTest
[INFO] Tests run: 2, Failures: 0, Errors: 0, Skipped: 0, Time elapsed: 0.745 s - in org.entando.kubernetes.controller.plugin.inprocesstests.DeployPluginWithoutDbTest
[INFO] Running org.entando.kubernetes.controller.plugin.inprocesstests.DeployPluginWithoutSidecarTest
[INFO] Tests run: 1, Failures: 0, Errors: 0, Skipped: 0, Time elapsed: 0.358 s - in org.entando.kubernetes.controller.plugin.inprocesstests.DeployPluginWithoutSidecarTest
[INFO] Running org.entando.kubernetes.controller.plugin.inprocesstests.DeployPluginOnExternalDbTest
[INFO] Tests run: 3, Failures: 0, Errors: 0, Skipped: 0, Time elapsed: 1.224 s - in org.entando.kubernetes.controller.plugin.inprocesstests.DeployPluginOnExternalDbTest
[INFO] 
[INFO] Results:
[INFO] 
[INFO] Tests run: 12, Failures: 0, Errors: 0, Skipped: 0
[INFO] 
[INFO] 
[INFO] --- maven-jar-plugin:3.2.0:jar (default-jar) @ entando-k8s-plugin-controller ---
[INFO] Building jar: /workspace/source/target/entando-k8s-plugin-controller-0.0.0-SNAPSHOT-PR-19-13.jar
[INFO] 
[INFO] --- maven-jar-plugin:3.2.0:test-jar (build-test-jar) @ entando-k8s-plugin-controller ---
[INFO] Building jar: /workspace/source/target/entando-k8s-plugin-controller-0.0.0-SNAPSHOT-PR-19-13-tests.jar
[INFO] 
[INFO] --- maven-javadoc-plugin:3.2.0:jar (attach-javadocs) @ entando-k8s-plugin-controller ---
[INFO] No previous run data found, generating javadoc.
[INFO] 
Loading source files for package org.entando.kubernetes.controller.plugin...
Constructing Javadoc information...
Standard Doclet version 11.0.6
Building tree for all the packages and classes...
Generating /workspace/source/target/apidocs/org/entando/kubernetes/controller/plugin/EntandoPluginController.html...
Generating /workspace/source/target/apidocs/org/entando/kubernetes/controller/plugin/EntandoPluginDeployableContainer.html...
Generating /workspace/source/target/apidocs/org/entando/kubernetes/controller/plugin/EntandoPluginDeploymentResult.html...
Generating /workspace/source/target/apidocs/org/entando/kubernetes/controller/plugin/EntandoPluginServerDeployable.html...
Generating /workspace/source/target/apidocs/org/entando/kubernetes/controller/plugin/EntandoPluginSidecarDeployableContainer.html...
Generating /workspace/source/target/apidocs/org/entando/kubernetes/controller/plugin/package-summary.html...
Generating /workspace/source/target/apidocs/org/entando/kubernetes/controller/plugin/package-tree.html...
Generating /workspace/source/target/apidocs/constant-values.html...
Generating /workspace/source/target/apidocs/org/entando/kubernetes/controller/plugin/class-use/EntandoPluginController.html...
Generating /workspace/source/target/apidocs/org/entando/kubernetes/controller/plugin/class-use/EntandoPluginDeploymentResult.html...
Generating /workspace/source/target/apidocs/org/entando/kubernetes/controller/plugin/class-use/EntandoPluginSidecarDeployableContainer.html...
Generating /workspace/source/target/apidocs/org/entando/kubernetes/controller/plugin/class-use/EntandoPluginDeployableContainer.html...
Generating /workspace/source/target/apidocs/org/entando/kubernetes/controller/plugin/class-use/EntandoPluginServerDeployable.html...
Generating /workspace/source/target/apidocs/org/entando/kubernetes/controller/plugin/package-use.html...
Building index for all the packages and classes...
Generating /workspace/source/target/apidocs/overview-tree.html...
Generating /workspace/source/target/apidocs/index-all.html...
Building index for all classes...
Generating /workspace/source/target/apidocs/allclasses-index.html...
Generating /workspace/source/target/apidocs/allpackages-index.html...
Generating /workspace/source/target/apidocs/deprecated-list.html...
Building index for all classes...
Generating /workspace/source/target/apidocs/allclasses.html...
Generating /workspace/source/target/apidocs/allclasses.html...
Generating /workspace/source/target/apidocs/index.html...
Generating /workspace/source/target/apidocs/help-doc.html...
[INFO] Building jar: /workspace/source/target/entando-k8s-plugin-controller-0.0.0-SNAPSHOT-PR-19-13-javadoc.jar
[INFO] 
[INFO] --- license-maven-plugin:2.0.0:aggregate-download-licenses (download-licenses) @ entando-k8s-plugin-controller ---
[WARNING] No URL for license at index 0 in dependency com.******.ojdbc:ojdbc8:19.3.0.0
[WARNING] No URL for license at index 0 in dependency com.******.ojdbc:ons:19.3.0.0
[WARNING] No URL for license at index 0 in dependency com.******.ojdbc:******pki:19.3.0.0
[WARNING] No URL for license at index 0 in dependency com.******.ojdbc:osdt_cert:19.3.0.0
[WARNING] No URL for license at index 0 in dependency com.******.ojdbc:osdt_core:19.3.0.0
[WARNING] No URL for license at index 0 in dependency com.******.ojdbc:simplefan:19.3.0.0
[WARNING] No URL for license at index 0 in dependency com.******.ojdbc:ucp:19.3.0.0
[WARNING] No license information available for: com.sun.org.apache:jaxp-ri:1.4
[WARNING] No license information available for: javax.xml.parsers:jaxp-api:1.4
[WARNING] Unable to retrieve license from URL 'https://glassfish.dev.java.net/nonav/public/CDDL+GPL.html' for dependency 'javax.servlet:javax.servlet-api:3.0.1': Certificate for <glassfish.dev.java.net> doesn't match any of the subject alternative names: [*.java.net, java.net]
Jan 29, 2021 9:42:14 AM org.apache.http.impl.e**cchain.RetryE**c e**cute
INFO: I/O exception (org.apache.http.NoHttpResponseException) caught when processing request to {}->http://www.eclipse.org:80: The target server failed to respond
Jan 29, 2021 9:42:14 AM org.apache.http.impl.e**cchain.RetryE**c e**cute
INFO: Retrying request to {}->http://www.eclipse.org:80
[WARNING] Unable to retrieve license from URL 'LICENSE.txt' for dependency 'org.awaitility:awaitility:4.0.1': null
Jan 29, 2021 9:42:21 AM org.apache.http.client.protocol.ResponseProcessCookies processCookies
WARNING: Invalid cookie header: "Set-Cookie: _octo=GH1.1.2020793357.1611913341; Path=/; Domain=github.com; Expires=Sat, 29 Jan 2022 09:42:21 GMT; Secure; SameSite=Lax". Invalid 'expires' attribute: Sat, 29 Jan 2022 09:42:21 GMT
Jan 29, 2021 9:42:21 AM org.apache.http.client.protocol.ResponseProcessCookies processCookies
WARNING: Invalid cookie header: "Set-Cookie: logged_in=no; Path=/; Domain=github.com; Expires=Sat, 29 Jan 2022 09:42:21 GMT; HttpOnly; Secure; SameSite=Lax". Invalid 'expires' attribute: Sat, 29 Jan 2022 09:42:21 GMT
Jan 29, 2021 9:42:22 AM org.apache.http.client.protocol.ResponseProcessCookies processCookies
WARNING: Invalid cookie header: "Set-Cookie: _octo=GH1.1.542845294.1611913341; Path=/; Domain=github.com; Expires=Sat, 29 Jan 2022 09:42:21 GMT; Secure; SameSite=Lax". Invalid 'expires' attribute: Sat, 29 Jan 2022 09:42:21 GMT
Jan 29, 2021 9:42:22 AM org.apache.http.client.protocol.ResponseProcessCookies processCookies
WARNING: Invalid cookie header: "Set-Cookie: logged_in=no; Path=/; Domain=github.com; Expires=Sat, 29 Jan 2022 09:42:21 GMT; HttpOnly; Secure; SameSite=Lax". Invalid 'expires' attribute: Sat, 29 Jan 2022 09:42:21 GMT
[WARNING] There were 11 download errors - check the warnings above
[INFO] 
[INFO] --- quarkus-maven-plugin:1.2.0.Final:build (default) @ entando-k8s-plugin-controller ---
[WARNING] [io.quarkus.creator.curator.Curator] These dependencies are not recommended:
	- javax.servlet:javax.servlet-api should be replaced by jakarta.servlet:jakarta.servlet-api
You might end up with two different versions of the same classes or with an artifact you shouldn't have in your classpath.
[INFO] [org.jboss.threads] JBoss Threads version 3.0.0.Final
[INFO] [io.quarkus.deployment.pkg.steps.JarResultBuildStep] Building thin jar: /workspace/source/target/entando-k8s-plugin-controller-0.0.0-SNAPSHOT-PR-19-13-runner.jar
[INFO] [io.quarkus.deployment.QuarkusAugmentor] Quarkus augmentation completed in 1725ms
[INFO] 
[INFO] --- maven-surefire-report-plugin:3.0.0-M4:failsafe-report-only (integration-tests) @ entando-k8s-plugin-controller ---
[INFO] 
[INFO] --- dependency-check-maven:6.0.3:aggregate (default) @ entando-k8s-plugin-controller ---
[INFO] Checking for updates
[INFO] Skipping NVD check since last check was within 4 hours.
[INFO] Check for updates complete (61 ms)
[INFO] 

Dependency-Check is an open source tool performing a best effort analysis of 3rd party dependencies; false positives and false negatives may exist in the analysis performed by the tool. Use of the tool and the reporting provided constitutes acceptance for use in an AS IS condition, and there are NO warranties, implied or otherwise, with regard to the analysis or its use. Any use of the tool and the reporting provided is at the userâ€™s risk. In no event shall the copyright holder or OWASP be held liable for any damages whatsoever arising out of or in connection with the use of this tool, the analysis performed, or the resulting report.


[INFO] Analysis Started
[INFO] Finished Archive Analyzer (0 seconds)
[INFO] Finished File Name Analyzer (0 seconds)
[INFO] Finished Jar Analyzer (0 seconds)
[INFO] Finished Dependency Merging Analyzer (0 seconds)
[INFO] Finished Version Filter Analyzer (0 seconds)
[INFO] Finished Hint Analyzer (0 seconds)
[INFO] Created CPE Index (2 seconds)
[INFO] Finished CPE Analyzer (4 seconds)
[INFO] Finished False Positive Analyzer (0 seconds)
[INFO] Finished NVD CVE Analyzer (0 seconds)
[INFO] Finished Sonatype OSS Index Analyzer (1 seconds)
[INFO] Finished Vulnerability Suppression Analyzer (0 seconds)
[INFO] Finished Dependency Bundling Analyzer (0 seconds)
[INFO] Analysis Complete (9 seconds)
[INFO] 
[INFO] --- jacoco-maven-plugin:0.8.5:report (report) @ entando-k8s-plugin-controller ---
[INFO] Loading e**cution data file /workspace/source/target/jacoco.e**c
[INFO] Analyzed bundle 'Entando K8S Controller for Entando Plugin Deployments' with 5 classes
[INFO] 
[INFO] --- maven-surefire-report-plugin:3.0.0-M4:report-only (unit-tests) @ entando-k8s-plugin-controller ---
[WARNING] Unable to locate Test Source XRef to link to - DISABLED
[INFO] 
[INFO] --- maven-install-plugin:2.4:install (default-install) @ entando-k8s-plugin-controller ---
[INFO] Installing /workspace/source/target/entando-k8s-plugin-controller-0.0.0-SNAPSHOT-PR-19-13.jar to /home/jenkins/.mvnrepository/org/entando/entando-k8s-plugin-controller/0.0.0-SNAPSHOT-PR-19-13/entando-k8s-plugin-controller-0.0.0-SNAPSHOT-PR-19-13.jar
[INFO] Installing /workspace/source/pom.xml to /home/jenkins/.mvnrepository/org/entando/entando-k8s-plugin-controller/0.0.0-SNAPSHOT-PR-19-13/entando-k8s-plugin-controller-0.0.0-SNAPSHOT-PR-19-13.pom
[INFO] Installing /workspace/source/target/entando-k8s-plugin-controller-0.0.0-SNAPSHOT-PR-19-13-tests.jar to /home/jenkins/.mvnrepository/org/entando/entando-k8s-plugin-controller/0.0.0-SNAPSHOT-PR-19-13/entando-k8s-plugin-controller-0.0.0-SNAPSHOT-PR-19-13-tests.jar
[INFO] Installing /workspace/source/target/entando-k8s-plugin-controller-0.0.0-SNAPSHOT-PR-19-13-javadoc.jar to /home/jenkins/.mvnrepository/org/entando/entando-k8s-plugin-controller/0.0.0-SNAPSHOT-PR-19-13/entando-k8s-plugin-controller-0.0.0-SNAPSHOT-PR-19-13-javadoc.jar
[INFO] 
[INFO] --- maven-deploy-plugin:2.8.2:deploy (default-deploy) @ entando-k8s-plugin-controller ---
[INFO] Using alternate deployment repository local-nexus::default::http://nexus/repository/maven-releases/
[INFO] 
[INFO] -------------< org.entando:entando-k8s-plugin-controller >--------------
[INFO] Building Entando K8S Controller for Entando Plugin Deployments 0.0.0-SNAPSHOT-PR-19-13
[INFO] --------------------------------[ jar ]---------------------------------
[INFO] 
[INFO] --- sonar-maven-plugin:3.8.0.2131:sonar (default-cli) @ entando-k8s-plugin-controller ---
[INFO] User cache: /****/.sonar/cache
[INFO] SonarQube version: 8.5.0
[INFO] Default locale: "en_US", source code encoding: "UTF-8"
[INFO] Load global settings
[INFO] Load global settings (done) | time=199ms
[INFO] Server id: 1BD809FA-AWHW8ct9-T_TB3XqouNu
[INFO] User cache: /****/.sonar/cache
[INFO] Load/download plugins
[INFO] Load plugins index
[INFO] Load plugins index (done) | time=72ms
[INFO] Load/download plugins (done) | time=22487ms
[INFO] Loaded core extensions: developer-scanner
[INFO] JavaScript/TypeScript frontend is enabled
[INFO] Load project settings for component key: 'entando-k8s_entando-k8s-plugin-controller'
[INFO] Load project settings for component key: 'entando-k8s_entando-k8s-plugin-controller' (done) | time=37ms
[INFO] Process project properties
[INFO] E**cute project builders
[INFO] E**cute project builders (done) | time=2ms
[INFO] Project key: entando-k8s_entando-k8s-plugin-controller
[INFO] Base dir: /workspace/source
[INFO] Working dir: /workspace/source/target/sonar
[INFO] Load project branches
[INFO] Load project branches (done) | time=33ms
[INFO] Check ALM binding of project 'entando-k8s_entando-k8s-plugin-controller'
[INFO] Detected project binding: BOUND
[INFO] Check ALM binding of project 'entando-k8s_entando-k8s-plugin-controller' (done) | time=46ms
[INFO] Load project pull requests
[INFO] Load project pull requests (done) | time=56ms
[INFO] Load branch configuration
[INFO] Load branch configuration (done) | time=521ms
[INFO] Load quality profiles
[INFO] Load quality profiles (done) | time=69ms
[INFO] Load active rules
[INFO] Load active rules (done) | time=1266ms
[INFO] Organization key: entando-k8s
[INFO] Pull request 19 for merge into master from ENG-1740_redhat_certification
[INFO] SCM collecting changed files in the branch
[WARNING] Exception caught during e**cution of command '[/usr/local/git/bin/git, config, --******, --edit]' in '/usr/local/git/bin', return code '128', error message 'fatal: Invalid path '/usr/local/git/etc': No such file or directory
'
[INFO] SCM collecting changed files in the branch (done) | time=323ms
[INFO] Indexing files...
[INFO] Project configuration:
[INFO] 14 files inde**d
[INFO] 0 files ignored because of scm ignore settings
[INFO] Quality profile for java: Sonar way
[INFO] Quality profile for xml: Sonar way
[INFO] ------------- Run sensors on module Entando K8S Controller for Entando Plugin Deployments
[INFO] JavaScript/TypeScript frontend is enabled
[INFO] Load metrics repository
[INFO] Load metrics repository (done) | time=49ms
[INFO] Sensor JavaSquidSensor [java]
[INFO] Configured Java source version (sonar.java.source): 8
[INFO] JavaClasspath initialization
[INFO] JavaClasspath initialization (done) | time=20ms
[INFO] JavaTestClasspath initialization
[INFO] JavaTestClasspath initialization (done) | time=1ms
[INFO] Java Main Files AST scan
[INFO] 5 source files to be analyzed
[INFO] 5/5 source files have been analyzed
[INFO] Java Main Files AST scan (done) | time=3485ms
[INFO] Java Test Files AST scan
[INFO] 8 source files to be analyzed
[INFO] Java Test Files AST scan (done) | time=1296ms
[INFO] Java Generated Files AST scan
[INFO] 8/8 source files have been analyzed
[INFO] 0 source files to be analyzed
[INFO] Java Generated Files AST scan (done) | time=4ms
[INFO] 0/0 source files have been analyzed
[INFO] Sensor JavaSquidSensor [java] (done) | time=5186ms
[INFO] Sensor SonarCSS Rules [cssfamily]
[INFO] No CSS, PHP, HTML or VueJS files are found in the project. CSS analysis is skipped.
[INFO] Sensor SonarCSS Rules [cssfamily] (done) | time=1ms
[INFO] Sensor C# Properties [csharp]
[INFO] Sensor C# Properties [csharp] (done) | time=1ms
[INFO] Sensor Import of Checkstyle issues [java]
[INFO] Importing /workspace/source/target/checkstyle-result.xml
[INFO] Sensor Import of Checkstyle issues [java] (done) | time=76ms
[INFO] Sensor SurefireSensor [java]
[INFO] parsing [/workspace/source/target/surefire-reports]
[INFO] Sensor SurefireSensor [java] (done) | time=53ms
[INFO] Sensor JavaXmlSensor [java]
[INFO] 1 source files to be analyzed
[INFO] Sensor JavaXmlSensor [java] (done) | time=217ms
[INFO] 1/1 source files have been analyzed
[INFO] Sensor HTML [web]
[INFO] Sensor HTML [web] (done) | time=5ms
[INFO] Sensor XML Sensor [xml]
[INFO] 1 source files to be analyzed
[INFO] Sensor XML Sensor [xml] (done) | time=196ms
[INFO] Sensor VB.NET Properties [vbnet]
[INFO] Sensor VB.NET Properties [vbnet] (done) | time=2ms
[INFO] Sensor JaCoCo XML Report Importer [jacoco]
[INFO] 1/1 source files have been analyzed
[INFO] Importing 1 report(s). Turn your logs in debug mode in order to see the exhaustive list.
[INFO] Sensor JaCoCo XML Report Importer [jacoco] (done) | time=47ms
[INFO] Sensor ThymeLeaf template sensor [securityjavafrontend]
[INFO] Sensor ThymeLeaf template sensor [securityjavafrontend] (done) | time=2ms
[INFO] Sensor JavaSecuritySensor [security]
[INFO] Reading type hierarchy from: /workspace/source/target/sonar/ucfg2/java
[INFO] Read 71 type definitions
[INFO] Reading UCFGs from: /workspace/source/target/sonar/ucfg2/java
[INFO] 09:43:22.272864 Building Runtime Type propagation graph
[INFO] 09:43:22.281834 Running Tarjan on 144 nodes
[INFO] 09:43:22.284132 Tarjan found 144 components
[INFO] 09:43:22.286929 Variable type analysis: done
[INFO] 09:43:22.287585 Building Runtime Type propagation graph
[INFO] 09:43:22.292538 Running Tarjan on 144 nodes
[INFO] 09:43:22.2934 Tarjan found 144 components
[INFO] 09:43:22.294497 Variable type analysis: done
[INFO] Analyzing 47 ucfgs to detect vulnerabilities.
[INFO] All rules entrypoints : 0 Retained UCFGs : 0
[INFO] rule: S5131, entrypoints: 0
[INFO] rule: S5131 done
[INFO] rule: S3649, entrypoints: 0
[INFO] rule: S3649 done
[INFO] rule: S2076, entrypoints: 0
[INFO] rule: S2076 done
[INFO] rule: S2091, entrypoints: 0
[INFO] rule: S2091 done
[INFO] rule: S2078, entrypoints: 0
[INFO] rule: S2078 done
[INFO] rule: S2631, entrypoints: 0
[INFO] rule: S2631 done
[INFO] rule: S5135, entrypoints: 0
[INFO] rule: S5135 done
[INFO] rule: S2083, entrypoints: 0
[INFO] rule: S2083 done
[INFO] rule: S5167, entrypoints: 0
[INFO] rule: S5167 done
[INFO] rule: S5144, entrypoints: 0
[INFO] rule: S5144 done
[INFO] rule: S5145, entrypoints: 0
[INFO] rule: S5145 done
[INFO] rule: S5146, entrypoints: 0
[INFO] rule: S5146 done
[INFO] rule: S5334, entrypoints: 0
[INFO] rule: S5334 done
[INFO] Sensor JavaSecuritySensor [security] (done) | time=440ms
[INFO] Sensor CSharpSecuritySensor [security]
[INFO] Reading type hierarchy from: /workspace/source/target/ucfg_cs2
[INFO] Read 0 type definitions
[INFO] Reading UCFGs from: /workspace/source/target/ucfg_cs2
[INFO] No UCFGs have been included for analysis.
[INFO] Sensor CSharpSecuritySensor [security] (done) | time=1ms
[INFO] Sensor PhpSecuritySensor [security]
[INFO] Reading type hierarchy from: /workspace/source/target/sonar/ucfg2/php
[INFO] Read 0 type definitions
[INFO] Reading UCFGs from: /workspace/source/target/sonar/ucfg2/php
[INFO] No UCFGs have been included for analysis.
[INFO] Sensor PhpSecuritySensor [security] (done) | time=1ms
[INFO] Sensor PythonSecuritySensor [security]
[INFO] Reading type hierarchy from: /workspace/source/target/sonar/ucfg2/python
[INFO] Read 0 type definitions
[INFO] Reading UCFGs from: /workspace/source/target/sonar/ucfg2/python
[INFO] No UCFGs have been included for analysis.
[INFO] Sensor PythonSecuritySensor [security] (done) | time=1ms
[INFO] Sensor JsSecuritySensor [security]
[INFO] Reading type hierarchy from: /workspace/source/target/sonar/ucfg2/js
[INFO] Read 0 type definitions
[INFO] Reading UCFGs from: /workspace/source/target/sonar/ucfg2/js
[INFO] No UCFGs have been included for analysis.
[INFO] Sensor JsSecuritySensor [security] (done) | time=1ms
[INFO] ------------- Run sensors on project
[INFO] Sensor Zero Coverage Sensor
[INFO] Sensor Zero Coverage Sensor (done) | time=1ms
[INFO] Sensor Java CPD Block Inde**r
[INFO] Sensor Java CPD Block Inde**r (done) | time=40ms
[INFO] SCM Publisher SCM provider for this project is: git
[INFO] SCM Publisher 14 source files to be analyzed
[INFO] SCM Publisher 13/14 source files have been analyzed (done) | time=190ms
[WARNING] Missing blame information for the following files:
[WARNING]   * pom.xml
[WARNING] This may lead to missing/broken features in SonarCloud
[INFO] CPD E**cutor 1 file had no CPD blocks
[INFO] CPD E**cutor Calculating CPD for 4 files
[INFO] CPD E**cutor CPD calculation finished (done) | time=9ms
[INFO] SCM writing changed lines
[INFO] SCM writing changed lines (done) | time=136ms
[INFO] Analysis report generated in 261ms, dir size=341 KB
[INFO] Analysis report compressed in 40ms, zip size=104 KB
[INFO] Analysis report uploaded in 129ms
[INFO] ANALYSIS SUCCESSFUL, you can find the results at: https://sonarcloud.io/dashboard?id=entando-k8s_entando-k8s-plugin-controller&pullRequest=19
[INFO] Note that you will be able to access the updated dashboard once the server has processed the submitted analysis report
[INFO] More about the report processing at https://sonarcloud.io/api/ce/task?id=AXdNhpsri8_uRFXKQG-z
[INFO] Analysis total time: 12.763 s
[INFO] ------------------------------------------------------------------------
[INFO] BUILD SUCCESS
[INFO] ------------------------------------------------------------------------
[INFO] Total time:  01:48 min
[INFO] Finished at: 2021-01-29T09:43:23Z
[INFO] ------------------------------------------------------------------------
Picked up _JAVA_OPTIONS: -XX:+UnlockExperimentalVMOptions -Dsun.zip.disableMemoryMapping=**** -XX:+UseParallelGC -XX:MinHeapFreeRatio=5 -XX:MaxHeapFreeRatio=10 -XX:GCTimeRatio=4 -XX:AdaptiveSizePolicyWeight=90 -Xms1000m -Xmx12000m
[INFO] Scanning for projects...
[INFO] 
[INFO] -------------< org.entando:entando-k8s-plugin-controller >--------------
[INFO] Building Entando K8S Controller for Entando Plugin Deployments 0.0.0-SNAPSHOT-PR-19-13
[INFO] --------------------------------[ jar ]---------------------------------
[INFO] 
[INFO] --- maven-site-plugin:3.9.0:site (default-site) @ entando-k8s-plugin-controller ---
[INFO] configuring report plugin org.apache.maven.plugins:maven-project-info-reports-plugin:3.0.0
[INFO] 9 reports configured for maven-project-info-reports-plugin:3.0.0: dependency-info, distribution-management, index, ci-management, issue-management, licenses, plugins, scm, summary
[INFO] Rendering site with default locale English (en)
[WARNING] Unable to find a URL to the parent project. The parent menu will NOT be added.
[INFO] Relativizing decoration links with respect to localized project URL: https://central.entando.com
[INFO] Rendering content with org.apache.maven.skins:maven-default-skin:jar:1.3 skin.
[INFO] Generating "Dependency Information" report --- maven-project-info-reports-plugin:3.0.0:dependency-info
[INFO] Generating "About" report         --- maven-project-info-reports-plugin:3.0.0:index
[INFO] Generating "Issue Management" report --- maven-project-info-reports-plugin:3.0.0:issue-management
[INFO] Generating "Licenses" report      --- maven-project-info-reports-plugin:3.0.0:licenses
[INFO] Generating "Plugins" report       --- maven-project-info-reports-plugin:3.0.0:plugins
[INFO] Generating "Source Code Management" report --- maven-project-info-reports-plugin:3.0.0:scm
[INFO] Generating "Summary" report       --- maven-project-info-reports-plugin:3.0.0:summary
[INFO] ------------------------------------------------------------------------
[INFO] BUILD SUCCESS
[INFO] ------------------------------------------------------------------------
[INFO] Total time:  8.235 s
[INFO] Finished at: 2021-01-29T09:43:33Z
[INFO] ------------------------------------------------------------------------
shallow cloning https://github.com/entando-k8s/devops-results.git branch gh-pages
ran git init in /tmp/jenkins-x-collect724804293
ran git add remote origin https://github.com/entando-k8s/devops-results.git in /tmp/jenkins-x-collect724804293
ran git fetch origin --depth=1 gh-pages in dir /tmp/jenkins-x-collect724804293
Publishing https://raw.githubusercontent.com/entando-k8s/devops-results/gh-pages/entando-k8s-plugin-controller/PR-19/checkstyle.html
Publishing https://raw.githubusercontent.com/entando-k8s/devops-results/gh-pages/entando-k8s-plugin-controller/PR-19/checkstyle.rss
Publishing https://raw.githubusercontent.com/entando-k8s/devops-results/gh-pages/entando-k8s-plugin-controller/PR-19/css/maven-base.css
Publishing https://raw.githubusercontent.com/entando-k8s/devops-results/gh-pages/entando-k8s-plugin-controller/PR-19/css/maven-theme.css
Publishing https://raw.githubusercontent.com/entando-k8s/devops-results/gh-pages/entando-k8s-plugin-controller/PR-19/css/print.css
Publishing https://raw.githubusercontent.com/entando-k8s/devops-results/gh-pages/entando-k8s-plugin-controller/PR-19/css/site.css
Publishing https://raw.githubusercontent.com/entando-k8s/devops-results/gh-pages/entando-k8s-plugin-controller/PR-19/dependency-check-junit.xml
Publishing https://raw.githubusercontent.com/entando-k8s/devops-results/gh-pages/entando-k8s-plugin-controller/PR-19/dependency-check-report.html
Publishing https://raw.githubusercontent.com/entando-k8s/devops-results/gh-pages/entando-k8s-plugin-controller/PR-19/dependency-check-report.xml
Publishing https://raw.githubusercontent.com/entando-k8s/devops-results/gh-pages/entando-k8s-plugin-controller/PR-19/dependency-info.html
Publishing https://raw.githubusercontent.com/entando-k8s/devops-results/gh-pages/entando-k8s-plugin-controller/PR-19/images/collapsed.gif
Publishing https://raw.githubusercontent.com/entando-k8s/devops-results/gh-pages/entando-k8s-plugin-controller/PR-19/images/expanded.gif
Publishing https://raw.githubusercontent.com/entando-k8s/devops-results/gh-pages/entando-k8s-plugin-controller/PR-19/images/external.png
Publishing https://raw.githubusercontent.com/entando-k8s/devops-results/gh-pages/entando-k8s-plugin-controller/PR-19/images/icon_error_sml.gif
Publishing https://raw.githubusercontent.com/entando-k8s/devops-results/gh-pages/entando-k8s-plugin-controller/PR-19/images/icon_info_sml.gif
Publishing https://raw.githubusercontent.com/entando-k8s/devops-results/gh-pages/entando-k8s-plugin-controller/PR-19/images/icon_success_sml.gif
Publishing https://raw.githubusercontent.com/entando-k8s/devops-results/gh-pages/entando-k8s-plugin-controller/PR-19/images/icon_warning_sml.gif
Publishing https://raw.githubusercontent.com/entando-k8s/devops-results/gh-pages/entando-k8s-plugin-controller/PR-19/images/logos/build-by-maven-black.png
Publishing https://raw.githubusercontent.com/entando-k8s/devops-results/gh-pages/entando-k8s-plugin-controller/PR-19/images/logos/build-by-maven-white.png
Publishing https://raw.githubusercontent.com/entando-k8s/devops-results/gh-pages/entando-k8s-plugin-controller/PR-19/images/logos/maven-feather.png
Publishing https://raw.githubusercontent.com/entando-k8s/devops-results/gh-pages/entando-k8s-plugin-controller/PR-19/images/newwindow.png
Publishing https://raw.githubusercontent.com/entando-k8s/devops-results/gh-pages/entando-k8s-plugin-controller/PR-19/images/rss.png
Publishing https://raw.githubusercontent.com/entando-k8s/devops-results/gh-pages/entando-k8s-plugin-controller/PR-19/index.html
Publishing https://raw.githubusercontent.com/entando-k8s/devops-results/gh-pages/entando-k8s-plugin-controller/PR-19/issue-management.html
Publishing https://raw.githubusercontent.com/entando-k8s/devops-results/gh-pages/entando-k8s-plugin-controller/PR-19/jacoco/index.html
Publishing https://raw.githubusercontent.com/entando-k8s/devops-results/gh-pages/entando-k8s-plugin-controller/PR-19/jacoco/jacoco-resources/branchfc.gif
Publishing https://raw.githubusercontent.com/entando-k8s/devops-results/gh-pages/entando-k8s-plugin-controller/PR-19/jacoco/jacoco-resources/branchnc.gif
Publishing https://raw.githubusercontent.com/entando-k8s/devops-results/gh-pages/entando-k8s-plugin-controller/PR-19/jacoco/jacoco-resources/branchpc.gif
Publishing https://raw.githubusercontent.com/entando-k8s/devops-results/gh-pages/entando-k8s-plugin-controller/PR-19/jacoco/jacoco-resources/bundle.gif
Publishing https://raw.githubusercontent.com/entando-k8s/devops-results/gh-pages/entando-k8s-plugin-controller/PR-19/jacoco/jacoco-resources/class.gif
Publishing https://raw.githubusercontent.com/entando-k8s/devops-results/gh-pages/entando-k8s-plugin-controller/PR-19/jacoco/jacoco-resources/down.gif
Publishing https://raw.githubusercontent.com/entando-k8s/devops-results/gh-pages/entando-k8s-plugin-controller/PR-19/jacoco/jacoco-resources/greenbar.gif
Publishing https://raw.githubusercontent.com/entando-k8s/devops-results/gh-pages/entando-k8s-plugin-controller/PR-19/jacoco/jacoco-resources/group.gif
Publishing https://raw.githubusercontent.com/entando-k8s/devops-results/gh-pages/entando-k8s-plugin-controller/PR-19/jacoco/jacoco-resources/method.gif
Publishing https://raw.githubusercontent.com/entando-k8s/devops-results/gh-pages/entando-k8s-plugin-controller/PR-19/jacoco/jacoco-resources/package.gif
Publishing https://raw.githubusercontent.com/entando-k8s/devops-results/gh-pages/entando-k8s-plugin-controller/PR-19/jacoco/jacoco-resources/prettify.css
Publishing https://raw.githubusercontent.com/entando-k8s/devops-results/gh-pages/entando-k8s-plugin-controller/PR-19/jacoco/jacoco-resources/prettify.js
Publishing https://raw.githubusercontent.com/entando-k8s/devops-results/gh-pages/entando-k8s-plugin-controller/PR-19/jacoco/jacoco-resources/redbar.gif
Publishing https://raw.githubusercontent.com/entando-k8s/devops-results/gh-pages/entando-k8s-plugin-controller/PR-19/jacoco/jacoco-resources/report.css
Publishing https://raw.githubusercontent.com/entando-k8s/devops-results/gh-pages/entando-k8s-plugin-controller/PR-19/jacoco/jacoco-resources/report.gif
Publishing https://raw.githubusercontent.com/entando-k8s/devops-results/gh-pages/entando-k8s-plugin-controller/PR-19/jacoco/jacoco-resources/session.gif
Publishing https://raw.githubusercontent.com/entando-k8s/devops-results/gh-pages/entando-k8s-plugin-controller/PR-19/jacoco/jacoco-resources/sort.gif
Publishing https://raw.githubusercontent.com/entando-k8s/devops-results/gh-pages/entando-k8s-plugin-controller/PR-19/jacoco/jacoco-resources/sort.js
Publishing https://raw.githubusercontent.com/entando-k8s/devops-results/gh-pages/entando-k8s-plugin-controller/PR-19/jacoco/jacoco-resources/source.gif
Publishing https://raw.githubusercontent.com/entando-k8s/devops-results/gh-pages/entando-k8s-plugin-controller/PR-19/jacoco/jacoco-resources/up.gif
Publishing https://raw.githubusercontent.com/entando-k8s/devops-results/gh-pages/entando-k8s-plugin-controller/PR-19/jacoco/jacoco-sessions.html
Publishing https://raw.githubusercontent.com/entando-k8s/devops-results/gh-pages/entando-k8s-plugin-controller/PR-19/jacoco/jacoco.csv
Publishing https://raw.githubusercontent.com/entando-k8s/devops-results/gh-pages/entando-k8s-plugin-controller/PR-19/jacoco/jacoco.xml
Publishing https://raw.githubusercontent.com/entando-k8s/devops-results/gh-pages/entando-k8s-plugin-controller/PR-19/jacoco/org.entando.kubernetes.controller.plugin/EntandoPluginController.html
Publishing https://raw.githubusercontent.com/entando-k8s/devops-results/gh-pages/entando-k8s-plugin-controller/PR-19/jacoco/org.entando.kubernetes.controller.plugin/EntandoPluginController.java.html
Publishing https://raw.githubusercontent.com/entando-k8s/devops-results/gh-pages/entando-k8s-plugin-controller/PR-19/jacoco/org.entando.kubernetes.controller.plugin/EntandoPluginDeployableContainer.html
Publishing https://raw.githubusercontent.com/entando-k8s/devops-results/gh-pages/entando-k8s-plugin-controller/PR-19/jacoco/org.entando.kubernetes.controller.plugin/EntandoPluginDeployableContainer.java.html
Publishing https://raw.githubusercontent.com/entando-k8s/devops-results/gh-pages/entando-k8s-plugin-controller/PR-19/jacoco/org.entando.kubernetes.controller.plugin/EntandoPluginDeploymentResult.html
Publishing https://raw.githubusercontent.com/entando-k8s/devops-results/gh-pages/entando-k8s-plugin-controller/PR-19/jacoco/org.entando.kubernetes.controller.plugin/EntandoPluginDeploymentResult.java.html
Publishing https://raw.githubusercontent.com/entando-k8s/devops-results/gh-pages/entando-k8s-plugin-controller/PR-19/jacoco/org.entando.kubernetes.controller.plugin/EntandoPluginServerDeployable.html
Publishing https://raw.githubusercontent.com/entando-k8s/devops-results/gh-pages/entando-k8s-plugin-controller/PR-19/jacoco/org.entando.kubernetes.controller.plugin/EntandoPluginServerDeployable.java.html
Publishing https://raw.githubusercontent.com/entando-k8s/devops-results/gh-pages/entando-k8s-plugin-controller/PR-19/jacoco/org.entando.kubernetes.controller.plugin/EntandoPluginSidecarDeployableContainer.html
Publishing https://raw.githubusercontent.com/entando-k8s/devops-results/gh-pages/entando-k8s-plugin-controller/PR-19/jacoco/org.entando.kubernetes.controller.plugin/EntandoPluginSidecarDeployableContainer.java.html
Publishing https://raw.githubusercontent.com/entando-k8s/devops-results/gh-pages/entando-k8s-plugin-controller/PR-19/jacoco/org.entando.kubernetes.controller.plugin/index.html
Publishing https://raw.githubusercontent.com/entando-k8s/devops-results/gh-pages/entando-k8s-plugin-controller/PR-19/jacoco/org.entando.kubernetes.controller.plugin/index.source.html
Publishing https://raw.githubusercontent.com/entando-k8s/devops-results/gh-pages/entando-k8s-plugin-controller/PR-19/licenses.html
Publishing https://raw.githubusercontent.com/entando-k8s/devops-results/gh-pages/entando-k8s-plugin-controller/PR-19/plugins.html
Publishing https://raw.githubusercontent.com/entando-k8s/devops-results/gh-pages/entando-k8s-plugin-controller/PR-19/project-info.html
Publishing https://raw.githubusercontent.com/entando-k8s/devops-results/gh-pages/entando-k8s-plugin-controller/PR-19/scm.html
Publishing https://raw.githubusercontent.com/entando-k8s/devops-results/gh-pages/entando-k8s-plugin-controller/PR-19/summary.html
Publishing https://raw.githubusercontent.com/entando-k8s/devops-results/gh-pages/entando-k8s-plugin-controller/PR-19/surefire-report.html
stashed: https://raw.githubusercontent.com/entando-k8s/devops-results/gh-pages/entando-k8s-plugin-controller/PR-19/checkstyle.html
stashed: https://raw.githubusercontent.com/entando-k8s/devops-results/gh-pages/entando-k8s-plugin-controller/PR-19/checkstyle.rss
stashed: https://raw.githubusercontent.com/entando-k8s/devops-results/gh-pages/entando-k8s-plugin-controller/PR-19/css/maven-base.css
stashed: https://raw.githubusercontent.com/entando-k8s/devops-results/gh-pages/entando-k8s-plugin-controller/PR-19/css/maven-theme.css
stashed: https://raw.githubusercontent.com/entando-k8s/devops-results/gh-pages/entando-k8s-plugin-controller/PR-19/css/print.css
stashed: https://raw.githubusercontent.com/entando-k8s/devops-results/gh-pages/entando-k8s-plugin-controller/PR-19/css/site.css
stashed: https://raw.githubusercontent.com/entando-k8s/devops-results/gh-pages/entando-k8s-plugin-controller/PR-19/dependency-check-junit.xml
stashed: https://raw.githubusercontent.com/entando-k8s/devops-results/gh-pages/entando-k8s-plugin-controller/PR-19/dependency-check-report.html
stashed: https://raw.githubusercontent.com/entando-k8s/devops-results/gh-pages/entando-k8s-plugin-controller/PR-19/dependency-check-report.xml
stashed: https://raw.githubusercontent.com/entando-k8s/devops-results/gh-pages/entando-k8s-plugin-controller/PR-19/dependency-info.html
stashed: https://raw.githubusercontent.com/entando-k8s/devops-results/gh-pages/entando-k8s-plugin-controller/PR-19/images/collapsed.gif
stashed: https://raw.githubusercontent.com/entando-k8s/devops-results/gh-pages/entando-k8s-plugin-controller/PR-19/images/expanded.gif
stashed: https://raw.githubusercontent.com/entando-k8s/devops-results/gh-pages/entando-k8s-plugin-controller/PR-19/images/external.png
stashed: https://raw.githubusercontent.com/entando-k8s/devops-results/gh-pages/entando-k8s-plugin-controller/PR-19/images/icon_error_sml.gif
stashed: https://raw.githubusercontent.com/entando-k8s/devops-results/gh-pages/entando-k8s-plugin-controller/PR-19/images/icon_info_sml.gif
stashed: https://raw.githubusercontent.com/entando-k8s/devops-results/gh-pages/entando-k8s-plugin-controller/PR-19/images/icon_success_sml.gif
stashed: https://raw.githubusercontent.com/entando-k8s/devops-results/gh-pages/entando-k8s-plugin-controller/PR-19/images/icon_warning_sml.gif
stashed: https://raw.githubusercontent.com/entando-k8s/devops-results/gh-pages/entando-k8s-plugin-controller/PR-19/images/logos/build-by-maven-black.png
stashed: https://raw.githubusercontent.com/entando-k8s/devops-results/gh-pages/entando-k8s-plugin-controller/PR-19/images/logos/build-by-maven-white.png
stashed: https://raw.githubusercontent.com/entando-k8s/devops-results/gh-pages/entando-k8s-plugin-controller/PR-19/images/logos/maven-feather.png
stashed: https://raw.githubusercontent.com/entando-k8s/devops-results/gh-pages/entando-k8s-plugin-controller/PR-19/images/newwindow.png
stashed: https://raw.githubusercontent.com/entando-k8s/devops-results/gh-pages/entando-k8s-plugin-controller/PR-19/images/rss.png
stashed: https://raw.githubusercontent.com/entando-k8s/devops-results/gh-pages/entando-k8s-plugin-controller/PR-19/index.html
stashed: https://raw.githubusercontent.com/entando-k8s/devops-results/gh-pages/entando-k8s-plugin-controller/PR-19/issue-management.html
stashed: https://raw.githubusercontent.com/entando-k8s/devops-results/gh-pages/entando-k8s-plugin-controller/PR-19/jacoco/index.html
stashed: https://raw.githubusercontent.com/entando-k8s/devops-results/gh-pages/entando-k8s-plugin-controller/PR-19/jacoco/jacoco-resources/branchfc.gif
stashed: https://raw.githubusercontent.com/entando-k8s/devops-results/gh-pages/entando-k8s-plugin-controller/PR-19/jacoco/jacoco-resources/branchnc.gif
stashed: https://raw.githubusercontent.com/entando-k8s/devops-results/gh-pages/entando-k8s-plugin-controller/PR-19/jacoco/jacoco-resources/branchpc.gif
stashed: https://raw.githubusercontent.com/entando-k8s/devops-results/gh-pages/entando-k8s-plugin-controller/PR-19/jacoco/jacoco-resources/bundle.gif
stashed: https://raw.githubusercontent.com/entando-k8s/devops-results/gh-pages/entando-k8s-plugin-controller/PR-19/jacoco/jacoco-resources/class.gif
stashed: https://raw.githubusercontent.com/entando-k8s/devops-results/gh-pages/entando-k8s-plugin-controller/PR-19/jacoco/jacoco-resources/down.gif
stashed: https://raw.githubusercontent.com/entando-k8s/devops-results/gh-pages/entando-k8s-plugin-controller/PR-19/jacoco/jacoco-resources/greenbar.gif
stashed: https://raw.githubusercontent.com/entando-k8s/devops-results/gh-pages/entando-k8s-plugin-controller/PR-19/jacoco/jacoco-resources/group.gif
stashed: https://raw.githubusercontent.com/entando-k8s/devops-results/gh-pages/entando-k8s-plugin-controller/PR-19/jacoco/jacoco-resources/method.gif
stashed: https://raw.githubusercontent.com/entando-k8s/devops-results/gh-pages/entando-k8s-plugin-controller/PR-19/jacoco/jacoco-resources/package.gif
stashed: https://raw.githubusercontent.com/entando-k8s/devops-results/gh-pages/entando-k8s-plugin-controller/PR-19/jacoco/jacoco-resources/prettify.css
stashed: https://raw.githubusercontent.com/entando-k8s/devops-results/gh-pages/entando-k8s-plugin-controller/PR-19/jacoco/jacoco-resources/prettify.js
stashed: https://raw.githubusercontent.com/entando-k8s/devops-results/gh-pages/entando-k8s-plugin-controller/PR-19/jacoco/jacoco-resources/redbar.gif
stashed: https://raw.githubusercontent.com/entando-k8s/devops-results/gh-pages/entando-k8s-plugin-controller/PR-19/jacoco/jacoco-resources/report.css
stashed: https://raw.githubusercontent.com/entando-k8s/devops-results/gh-pages/entando-k8s-plugin-controller/PR-19/jacoco/jacoco-resources/report.gif
stashed: https://raw.githubusercontent.com/entando-k8s/devops-results/gh-pages/entando-k8s-plugin-controller/PR-19/jacoco/jacoco-resources/session.gif
stashed: https://raw.githubusercontent.com/entando-k8s/devops-results/gh-pages/entando-k8s-plugin-controller/PR-19/jacoco/jacoco-resources/sort.gif
stashed: https://raw.githubusercontent.com/entando-k8s/devops-results/gh-pages/entando-k8s-plugin-controller/PR-19/jacoco/jacoco-resources/sort.js
stashed: https://raw.githubusercontent.com/entando-k8s/devops-results/gh-pages/entando-k8s-plugin-controller/PR-19/jacoco/jacoco-resources/source.gif
stashed: https://raw.githubusercontent.com/entando-k8s/devops-results/gh-pages/entando-k8s-plugin-controller/PR-19/jacoco/jacoco-resources/up.gif
stashed: https://raw.githubusercontent.com/entando-k8s/devops-results/gh-pages/entando-k8s-plugin-controller/PR-19/jacoco/jacoco-sessions.html
stashed: https://raw.githubusercontent.com/entando-k8s/devops-results/gh-pages/entando-k8s-plugin-controller/PR-19/jacoco/jacoco.csv
stashed: https://raw.githubusercontent.com/entando-k8s/devops-results/gh-pages/entando-k8s-plugin-controller/PR-19/jacoco/jacoco.xml
stashed: https://raw.githubusercontent.com/entando-k8s/devops-results/gh-pages/entando-k8s-plugin-controller/PR-19/jacoco/org.entando.kubernetes.controller.plugin/EntandoPluginController.html
stashed: https://raw.githubusercontent.com/entando-k8s/devops-results/gh-pages/entando-k8s-plugin-controller/PR-19/jacoco/org.entando.kubernetes.controller.plugin/EntandoPluginController.java.html
stashed: https://raw.githubusercontent.com/entando-k8s/devops-results/gh-pages/entando-k8s-plugin-controller/PR-19/jacoco/org.entando.kubernetes.controller.plugin/EntandoPluginDeployableContainer.html
stashed: https://raw.githubusercontent.com/entando-k8s/devops-results/gh-pages/entando-k8s-plugin-controller/PR-19/jacoco/org.entando.kubernetes.controller.plugin/EntandoPluginDeployableContainer.java.html
stashed: https://raw.githubusercontent.com/entando-k8s/devops-results/gh-pages/entando-k8s-plugin-controller/PR-19/jacoco/org.entando.kubernetes.controller.plugin/EntandoPluginDeploymentResult.html
stashed: https://raw.githubusercontent.com/entando-k8s/devops-results/gh-pages/entando-k8s-plugin-controller/PR-19/jacoco/org.entando.kubernetes.controller.plugin/EntandoPluginDeploymentResult.java.html
stashed: https://raw.githubusercontent.com/entando-k8s/devops-results/gh-pages/entando-k8s-plugin-controller/PR-19/jacoco/org.entando.kubernetes.controller.plugin/EntandoPluginServerDeployable.html
stashed: https://raw.githubusercontent.com/entando-k8s/devops-results/gh-pages/entando-k8s-plugin-controller/PR-19/jacoco/org.entando.kubernetes.controller.plugin/EntandoPluginServerDeployable.java.html
stashed: https://raw.githubusercontent.com/entando-k8s/devops-results/gh-pages/entando-k8s-plugin-controller/PR-19/jacoco/org.entando.kubernetes.controller.plugin/EntandoPluginSidecarDeployableContainer.html
stashed: https://raw.githubusercontent.com/entando-k8s/devops-results/gh-pages/entando-k8s-plugin-controller/PR-19/jacoco/org.entando.kubernetes.controller.plugin/EntandoPluginSidecarDeployableContainer.java.html
stashed: https://raw.githubusercontent.com/entando-k8s/devops-results/gh-pages/entando-k8s-plugin-controller/PR-19/jacoco/org.entando.kubernetes.controller.plugin/index.html
stashed: https://raw.githubusercontent.com/entando-k8s/devops-results/gh-pages/entando-k8s-plugin-controller/PR-19/jacoco/org.entando.kubernetes.controller.plugin/index.source.html
stashed: https://raw.githubusercontent.com/entando-k8s/devops-results/gh-pages/entando-k8s-plugin-controller/PR-19/licenses.html
stashed: https://raw.githubusercontent.com/entando-k8s/devops-results/gh-pages/entando-k8s-plugin-controller/PR-19/plugins.html
stashed: https://raw.githubusercontent.com/entando-k8s/devops-results/gh-pages/entando-k8s-plugin-controller/PR-19/project-info.html
stashed: https://raw.githubusercontent.com/entando-k8s/devops-results/gh-pages/entando-k8s-plugin-controller/PR-19/scm.html
stashed: https://raw.githubusercontent.com/entando-k8s/devops-results/gh-pages/entando-k8s-plugin-controller/PR-19/summary.html
stashed: https://raw.githubusercontent.com/entando-k8s/devops-results/gh-pages/entando-k8s-plugin-controller/PR-19/surefire-report.html
error: etcdserver: request is too large
  % Total    % Received % Xferd  Average Speed   Time    Time     Time  Current
                                 Dload  Upload   Total   Spent    Left  Speed
  0     0    0     0    0     0      0      0 --:--:-- --:--:-- --:--:--     0  0     0    0     0    0     0      0      0 --:--:-- --:--:-- --:--:--     0100  1874  100  1653  100   221   2619    350 --:--:-- --:--:-- --:--:--  2619
{
  "url": "https://api.github.com/repos/entando-k8s/entando-k8s-plugin-controller/statuses/839ae22faec9aef6a719e9f1b06789a922eb2446",
  "avatar_url": "https://avatars.githubusercontent.com/u/57885396?v=4",
  "id": 12007778386,
  "node_id": "MDEzOlN0YXR1c0NvbnRleHQxMjAwNzc3ODM4Ng==",
  "state": "success",
  "description": "Pre-deployment tests success!",
  "target_url": "https://entando-k8s.github.io/devops-results/entando-k8s-plugin-controller/PR-19/surefire-report.html",
  "context": "Pre-deployment tests",
  "created_at": "2021-01-29T09:43:49Z",
  "updated_at": "2021-01-29T09:43:49Z",
  "creator": {
    "login": "entando-**",
    "id": 57885396,
    "node_id": "MDQ6VXNlcjU3ODg1Mzk2",
    "avatar_url": "https://avatars.githubusercontent.com/u/57885396?v=4",
    "gravatar_id": "",
    "url": "https://api.github.com/users/entando-**",
    "html_url": "https://github.com/entando-**",
    "followers_url": "https://api.github.com/users/entando-**/followers",
    "following_url": "https://api.github.com/users/entando-**/following{/other_user}",
    "gists_url": "https://api.github.com/users/**********/gists{/gist_id}",
    "starred_url": "https://api.github.com/users/entando-**/starred{/owner}{/repo}",
    "subscriptions_url": "https://api.github.com/users/entando-**/subscriptions",
    "organizations_url": "https://api.github.com/users/entando-**/orgs",
    "repos_url": "https://api.github.com/users/entando-**/repos",
    "events_url": "https://api.github.com/users/entando-**/events{/privacy}",
    "received_events_url": "https://api.github.com/users/entando-**/received_events",
    "type": "User",
    "site_*****": false
  }
}
  % Total    % Received % Xferd  Average Speed   Time    Time     Time  Current
                                 Dload  Upload   Total   Spent    Left  Speed
{
  "url": "https://api.github.com/repos/entando-k8s/entando-k8s-plugin-controller/statuses/839ae22faec9aef6a719e9f1b06789a922eb2446",
  "avatar_url": "https://avatars.githubusercontent.com/u/57885396?v=4",
  "id": 12007778491,
  "node_id": "MDEzOlN0YXR1c0NvbnRleHQxMjAwNzc3ODQ5MQ==",
  "state": "success",
  "description": "Checkstyle success!",
  "target_url": "https://entando-k8s.github.io/devops-results/entando-k8s-plugin-controller/PR-19/checkstyle.html",
  "context": "Checkstyle",
  "created_at": "2021-01-29T09:43:50Z",
  "updated_at": "2021-01-29T09:43:50Z",
  "creator": {
    "login": "entando-**",
    "id": 57885396,
    "node_id": "MDQ6VXNlcjU3ODg1Mzk2",
    "avatar_url": "https://avatars.githubusercontent.com/u/57885396?v=4",
    "gravatar_id": "",
    "url": "https://api.github.com/users/entando-**",
    "html_url": "https://github.com/entando-**",
    "followers_url": "https://api.github.com/users/**********/followers",
    "following_url": "https://api.github.com/users/entando-**/following{/other_user}",
    "gists_url": "https://api.github.com/users/entando-**/gists{/gist_id}",
    "starred_url": "https://api.github.com/users/entando-**/starred{/owner}{/repo}",
    "subscriptions_url": "https://api.github.com/users/entando-**/subscriptions",
    "organizations_url": "https://api.github.com/users/entando-**/orgs",
    "repos_url": "https://api.github.com/users/entando-**/repos",
    "events_url": "https://api.github.com/users/entando-**/events{/privacy}",
    "received_events_url": "https://api.github.com/users/entando-**/received_events",
  0     0    0     0    0     0      0      0 --:--:-- --:--:-- --:--:--     0100  1824  100  1628  100   196   2608    314 --:--:-- --:--:-- --:--:--  2617
    "type": "User",
    "site_*****": false
  }
}
  % Total    % Received % Xferd  Average Speed   Time    Time     Time  Current
                                 Dload  Upload   Total   Spent    Left  Speed
{
  "url": "https://api.github.com/repos/entando-k8s/entando-k8s-plugin-controller/statuses/839ae22faec9aef6a719e9f1b06789a922eb2446",
  "avatar_url": "https://avatars.githubusercontent.com/u/57885396?v=4",
  "id": 12007778615,
  "node_id": "MDEzOlN0YXR1c0NvbnRleHQxMjAwNzc3ODYxNQ==",
  "state": "success",
  "description": "OWASP CVE success!",
  "target_url": "https://entando-k8s.github.io/devops-results/entando-k8s-plugin-controller/PR-19/dependency-check-report.html",
  "context": "OWASP CVE",
  "created_at": "2021-01-29T09:43:51Z",
  "updated_at": "2021-01-29T09:43:51Z",
  "creator": {
    "login": "entando-**",
    "id": 57885396,
    "node_id": "MDQ6VXNlcjU3ODg1Mzk2",
    "avatar_url": "https://avatars.githubusercontent.com/u/57885396?v=4",
    "gravatar_id": "",
    "url": "https://api.github.com/users/entando-**",
    "html_url": "https://github.com/entando-**",
    "followers_url": "https://api.github.com/users/entando-**/followers",
    "following_url": "https://api.github.com/users/entando-**/following{/other_user}",
    "gists_url": "https://api.github.com/users/entando-**/gists{/gist_id}",
    "starred_url": "https://api.github.com/users/entando-**/starred{/owner}{/repo}",
    "subscriptions_url": "https://api.github.com/users/entando-**/subscriptions",
    "organizations_url": "https://api.github.com/users/entando-**/orgs",
    "repos_url": "https://api.github.com/users/entando-**/repos",
    "events_url": "https://api.github.com/users/**********/events{/privacy}",
    "received_events_url": "https://api.github.com/users/entando-**/received_events",
    "type": "User",
    "site_*****": false
  }
}
Congratulations! No build failures found for entando-k8s-plugin-controller-PR-19.
  0     0    0     0    0     0      0      0 --:--:-- --:--:-- --:--:--     0100  1846  100  1639  100   207   2490    314 --:--:-- --:--:-- --:--:--  2494

Showing logs for build [32mentando-k8s-entando-k8s-plugin-7blpw-13[0m stage [32mfrom-build-pack[0m and container [32mstep-build-container-build[0m
Generating tags...
 - entando/entando-k8s-plugin-controller -> docker.io/entando/entando-k8s-plugin-controller:0.0.0-SNAPSHOT-PR-19-13
Checking cache...
 - entando/entando-k8s-plugin-controller: Not found. Building
Building [entando/entando-k8s-plugin-controller]...
Sending build context to Docker daemon    550kBSending build context to Docker daemon  6.546MBSending build context to Docker daemon  14.27MBSending build context to Docker daemon  24.22MBSending build context to Docker daemon  33.13MBSending build context to Docker daemon  41.36MBSending build context to Docker daemon  47.39MBSending build context to Docker daemon  51.13MBSending build context to Docker daemon  51.28MB
Step 1/9 : FROM entando/entando-ubi8-java11-base:6.3.0
 ---> e162f7e2941f
Step 2/9 : ARG VERSION
 ---> Using cache
 ---> 1df7530a0542
Step 3/9 : LABEL name "Entando K8S Plugin Controller" vendor "Entando" version "v${VERSION}" release "6" summary "This container processes the EntandoPlugin custom resource and deploys the specified microservice Docker image." description "This is a run-to-completion container. It processes new EntandoPlugin Custom                    Resources and deploys an instance of the specified microservice Docker image                    to your cluster. This microservice will be  configured to use a previously installed Keycloak Server.                    Subsequent e**cutions of this container against the same EntandoPlugin will patch the existing                    deployment resources"
 ---> Running in 0e8eba58e6d1
 ---> ccbecdde5c19
Step 4/9 : ENV JAVA_OPTIONS "-Djava.util.logging.manager=org.jboss.logmanager.LogManager"
 ---> Running in 527858ab6f55
 ---> d8850dd2722a
Step 5/9 : ENV AB_ENABLED jmx_exporter
 ---> Running in 44e0f01613c1
 ---> e3368ad83cf4
Step 6/9 : COPY target/generated-resources/licenses /licenses
 ---> 59634eac0758
Step 7/9 : COPY target/lib/* /deployments/lib/
 ---> 9c26f85fc1e4
Step 8/9 : COPY target/*-runner.jar /deployments/app.jar
 ---> 599172de7c89
Step 9/9 : ENTRYPOINT /deployments/run-java.sh
 ---> Running in d81258149aef
 ---> 2dcf6b2f8653
Successfully built 2dcf6b2f8653
The push refers to a repository [docker.io/entando/entando-k8s-plugin-controller]
1e8e6507e8e6: Preparing
8e969d52fb37: Preparing
f0ed58dcee52: Preparing
088e643aafac: Preparing
00af10937683: Preparing
3aa55ff7bca1: Preparing
3aa55ff7bca1: Waiting
088e643aafac: Layer already exists
00af10937683: Layer already exists
3aa55ff7bca1: Layer already exists
f0ed58dcee52: Pushed
1e8e6507e8e6: Pushed
8e969d52fb37: Pushed
0.0.0-SNAPSHOT-PR-19-13: digest: sha256:1142803c2eb811d89e70e418e09c62c3457c5900e84349d06dfb585534b3759e size: 1581
There is a new version (1.19.0) of Skaffold available. Download it at https://storage.googleapis.com/skaffold/releases/latest/skaffold-linux-amd64


Showing logs for build [32mentando-k8s-entando-k8s-plugin-7blpw-13[0m stage [32mfrom-build-pack[0m and container [32mstep-postbuild-post-build[0m
no CVE provider running in the current ** namespace so skip adding image to be analysed

Showing logs for build [32mentando-k8s-entando-k8s-plugin-7blpw-13[0m stage [32mfrom-build-pack[0m and container [32mstep-promote-make-preview[0m
Creating /builder/home/.helm 
Creating /builder/home/.helm/repository 
Creating /builder/home/.helm/repository/cache 
Creating /builder/home/.helm/repository/local 
Creating /builder/home/.helm/plugins 
Creating /builder/home/.helm/starters 
Creating /builder/home/.helm/cache/archive 
Creating /builder/home/.helm/repository/repositories.yaml 
Adding stable repo with URL: https://charts.helm.sh/stable 
Adding local repo with URL: http://127.0.0.1:8879/charts 
$HELM_HOME has been configured at /builder/home/.helm.
Not installing Tiller due to 'client-only' flag having been set
sed -i -e "s/version:.*/version: 0.0.0-SNAPSHOT-PR-19-13/" Chart.yaml
sed -i -e "s/version:.*/version: 0.0.0-SNAPSHOT-PR-19-13/" ../*/Chart.yaml
sed -i -e "s|repository:.*|repository: docker.io\/entando\/entando-k8s-keycloak-controller|" values.yaml
sed -i -e "s/tag:.*/tag: 0.0.0-SNAPSHOT-PR-19-13/" values.yaml
echo "  version: 0.0.0-SNAPSHOT-PR-19-13" >> requirements.yaml
** step helm build
WARNING: No $CHART_REPOSITORY defined so using the default value of: http://jenkins-x-chartmuseum:8080
Adding missing Helm repo: storage.googleapis.com https://storage.googleapis.com/chartmuseum.jenkins-x.io
Successfully added Helm repository storage.googleapis.com.
Adding missing Helm repo: jenkins-x-chartmuseum http://jenkins-x-chartmuseum:8080
Successfully added Helm repository jenkins-x-chartmuseum.
WARNING: No $CHART_REPOSITORY defined so using the default value of: http://jenkins-x-chartmuseum:8080

Showing logs for build [32mentando-k8s-entando-k8s-plugin-7blpw-13[0m stage [32mfrom-build-pack[0m and container [32mstep-promote-jx-preview[0m
Creating a preview
Found commit author match for: ampie with email address: ampie.private@gmail.com
Namespace entando-k8s-plugin-controller-pcpr19 created 
expose:
  Annotations:
    helm.sh/hook: post-install,post-upgrade
    helm.sh/hook-delete-policy: hook-succeeded
  config:
    domain: *************
    exposer: Ingress
    http: "****"
preview:
  image:
    repository: docker.io/entando/entando-k8s-plugin-controller
    tag: 0.0.0-SNAPSHOT-PR-19-13

WARNING: Could not find the service URL in namespace entando-k8s-plugin-controller-pcpr19 for names : Timed out after 1m0s, last error: %!s(<nil>)
Updating PipelineActivities entando-k8s-entando-k8s-plugin-controller-pr-19-13 which has status Running
WARNING: Failed to find the service entando-k8s-plugin-controller : failed to find service entando-k8s-plugin-controller in namespace entando-k8s-plugin-controller-pcpr19: services "entando-k8s-plugin-controller" not found

Showing logs for build [32mentando-k8s-entando-k8s-plugin-7blpw-13[0m stage [32mfrom-build-pack[0m and container [32mstep-promote-run-post-deployment-tests[0m
Picked up _JAVA_OPTIONS: -XX:+UnlockExperimentalVMOptions -Dsun.zip.disableMemoryMapping=**** -XX:+UseParallelGC -XX:MinHeapFreeRatio=5 -XX:MaxHeapFreeRatio=10 -XX:GCTimeRatio=4 -XX:AdaptiveSizePolicyWeight=90 -Xms1000m -Xmx12000m
[INFO] Scanning for projects...
[INFO] 
[INFO] -------------< org.entando:entando-k8s-plugin-controller >--------------
[INFO] Building Entando K8S Controller for Entando Plugin Deployments 0.0.0-SNAPSHOT-PR-19-13
[INFO] --------------------------------[ jar ]---------------------------------
[INFO] 
[INFO] --- maven-resources-plugin:2.6:resources (default-resources) @ entando-k8s-plugin-controller ---
[INFO] Using 'UTF-8' encoding to copy filtered resources.
[INFO] Copying 3 resources
[INFO] 
[INFO] --- maven-compiler-plugin:3.8.1:compile (default-compile) @ entando-k8s-plugin-controller ---
[INFO] Nothing to compile - all classes are up to date
[INFO] 
[INFO] --- maven-resources-plugin:2.6:testResources (default-testResources) @ entando-k8s-plugin-controller ---
[INFO] Using 'UTF-8' encoding to copy filtered resources.
[INFO] Copying 6 resources
[INFO] 
[INFO] --- maven-compiler-plugin:3.8.1:testCompile (default-testCompile) @ entando-k8s-plugin-controller ---
[INFO] Nothing to compile - all classes are up to date
[INFO] 
[INFO] --- maven-surefire-plugin:3.0.0-M1:test (default-test) @ entando-k8s-plugin-controller ---
[INFO] Tests are skipped.
[INFO] 
[INFO] --- maven-jar-plugin:3.2.0:jar (default-jar) @ entando-k8s-plugin-controller ---
[INFO] 
[INFO] --- maven-jar-plugin:3.2.0:test-jar (build-test-jar) @ entando-k8s-plugin-controller ---
[INFO] 
[INFO] --- maven-failsafe-plugin:3.0.0-M4:integration-test (run-tests) @ entando-k8s-plugin-controller ---
[INFO] 
[INFO] -------------------------------------------------------
[INFO]  T E S T S
[INFO] -------------------------------------------------------
[INFO] Running org.entando.kubernetes.controller.plugin.interprocesstests.AddEntandoPluginWithContainerizedDatabaseIT
Jan 29, 2021 9:46:23 AM org.entando.kubernetes.controller.integrationtest.support.DeletionWaiter lambda$deleteSingleItem$2
WARNING: Deleting pods  entando-k8s-plugin-controller-pcpr19/pg-test
Jan 29, 2021 9:46:25 AM org.entando.kubernetes.controller.integrationtest.support.DeletionWaiter lambda$deleteSingleItem$2
WARNING: Deleting configmaps  entando-k8s-plugin-controller-pcpr19/eci-entando-k8s-plugin-controller-pcpr19-eti-pcpr19-connection-config
javax.ws.rs.NotFoundException: HTTP 404 Not Found
!!!!!!!On EntandoPlugin add!!!!!!!!!
Jan 29, 2021 9:47:13 AM org.entando.kubernetes.controller.integrationtest.support.DeletionWaiter lambda$deleteSingleItem$2
WARNING: Deleting pods  entando-k8s-plugin-controller-pcpr19/test-plugin-a-pcpr19-deployer-4514
Jan 29, 2021 9:47:13 AM org.entando.kubernetes.controller.integrationtest.support.DeletionWaiter lambda$deleteSingleItem$2
WARNING: Deleting pods  entando-k8s-plugin-controller-pcpr19/pg-test
Jan 29, 2021 9:47:14 AM org.entando.kubernetes.controller.integrationtest.support.DeletionWaiter lambda$deleteSingleItem$2
WARNING: Deleting configmaps  entando-k8s-plugin-controller-pcpr19/eci-entando-k8s-plugin-controller-pcpr19-eti-pcpr19-connection-config
javax.ws.rs.NotFoundException: HTTP 404 Not Found
!!!!!!!On EntandoPlugin add!!!!!!!!!
[ERROR] Tests run: 2, Failures: 0, Errors: 2, Skipped: 0, Time elapsed: 99.488 s <<< FAILURE! - in org.entando.kubernetes.controller.plugin.interprocesstests.AddEntandoPluginWithContainerizedDatabaseIT
[ERROR] org.entando.kubernetes.controller.plugin.interprocesstests.AddEntandoPluginWithContainerizedDatabaseIT.testCreate(EntandoOperatorComplianceMode)[1]  Time elapsed: 48.887 s  <<< ERROR!
org.awaitility.core.ConditionTimeoutException: Condition with lambda expression in org.entando.kubernetes.controller.integrationtest.support.IntegrationTestHelperBase was not fulfilled within 45 seconds.
	at org.entando.kubernetes.controller.plugin.interprocesstests.AddEntandoPluginWithContainerizedDatabaseIT.testCreate(AddEntandoPluginWithContainerizedDatabaseIT.java:77)

[ERROR] org.entando.kubernetes.controller.plugin.interprocesstests.AddEntandoPluginWithContainerizedDatabaseIT.testCreate(EntandoOperatorComplianceMode)[2]  Time elapsed: 47.072 s  <<< ERROR!
org.awaitility.core.ConditionTimeoutException: Condition with lambda expression in org.entando.kubernetes.controller.integrationtest.support.IntegrationTestHelperBase was not fulfilled within 45 seconds.
	at org.entando.kubernetes.controller.plugin.interprocesstests.AddEntandoPluginWithContainerizedDatabaseIT.testCreate(AddEntandoPluginWithContainerizedDatabaseIT.java:77)

[INFO] Running org.entando.kubernetes.controller.plugin.interprocesstests.AddEntandoPluginWithExternalPostgresqlDatabaseIT
Jan 29, 2021 9:48:01 AM org.entando.kubernetes.controller.integrationtest.support.DeletionWaiter lambda$deleteSingleItem$2
WARNING: Deleting pods  entando-k8s-plugin-controller-pcpr19/test-plugin-a-pcpr19-deployer-9091
Jan 29, 2021 9:48:02 AM org.entando.kubernetes.controller.integrationtest.support.DeletionWaiter lambda$deleteSingleItem$2
WARNING: Deleting pods  entando-k8s-plugin-controller-pcpr19/pg-test
Jan 29, 2021 9:48:02 AM org.entando.kubernetes.controller.integrationtest.support.DeletionWaiter lambda$deleteSingleItem$2
WARNING: Deleting pods  entando-k8s-plugin-controller-pcpr19/pg-test
Jan 29, 2021 9:48:02 AM org.entando.kubernetes.controller.integrationtest.support.DeletionWaiter lambda$deleteSingleItem$2
WARNING: Deleting entandodatabaseservices  entando-k8s-plugin-controller-pcpr19/my-external-db-pcpr19
Jan 29, 2021 9:48:03 AM org.entando.kubernetes.controller.integrationtest.support.DeletionWaiter lambda$deleteSingleItem$2
WARNING: Deleting secrets  entando-k8s-plugin-controller-pcpr19/test-secret
ADDED:PodStatus(conditions=[PodCondition(lastProbeTime=null, lastTransitionTime=2021-01-29T09:48:03Z, message=null, reason=null, status=True, type=PodScheduled, additionalProperties={})], containerStatuses=[], ephemeralContainerStatuses=[], hostIP=null, initContainerStatuses=[], message=null, nominatedNodeName=null, phase=Pending, podIP=null, podIPs=[], qosClass=BestEffort, reason=null, startTime=null, additionalProperties={})
MODIFIED:PodStatus(conditions=[PodCondition(lastProbeTime=null, lastTransitionTime=2021-01-29T09:48:03Z, message=null, reason=null, status=True, type=Initialized, additionalProperties={}), PodCondition(lastProbeTime=null, lastTransitionTime=2021-01-29T09:48:03Z, message=containers with unready status: [pg-container], reason=ContainersNotReady, status=False, type=Ready, additionalProperties={}), PodCondition(lastProbeTime=null, lastTransitionTime=null, message=containers with unready status: [pg-container], reason=ContainersNotReady, status=False, type=ContainersReady, additionalProperties={}), PodCondition(lastProbeTime=null, lastTransitionTime=2021-01-29T09:48:03Z, message=null, reason=null, status=True, type=PodScheduled, additionalProperties={})], containerStatuses=[ContainerStatus(containerID=null, image=centos/********ql-96-centos7:latest, imageID=, lastState=ContainerState(running=null, terminated=null, waiting=null, additionalProperties={}), name=pg-container, ready=false, restartCount=0, started=null, state=ContainerState(running=null, terminated=null, waiting=ContainerStateWaiting(message=null, reason=ContainerCreating, additionalProperties={}), additionalProperties={}), additionalProperties={})], ephemeralContainerStatuses=[], hostIP=54.36.53.206, initContainerStatuses=[], message=null, nominatedNodeName=null, phase=Pending, podIP=null, podIPs=[], qosClass=BestEffort, reason=null, startTime=2021-01-29T09:48:03Z, additionalProperties={})
MODIFIED:PodStatus(conditions=[PodCondition(lastProbeTime=null, lastTransitionTime=2021-01-29T09:48:03Z, message=null, reason=null, status=True, type=Initialized, additionalProperties={}), PodCondition(lastProbeTime=null, lastTransitionTime=2021-01-29T09:48:03Z, message=containers with unready status: [pg-container], reason=ContainersNotReady, status=False, type=Ready, additionalProperties={}), PodCondition(lastProbeTime=null, lastTransitionTime=null, message=containers with unready status: [pg-container], reason=ContainersNotReady, status=False, type=ContainersReady, additionalProperties={}), PodCondition(lastProbeTime=null, lastTransitionTime=2021-01-29T09:48:03Z, message=null, reason=null, status=True, type=PodScheduled, additionalProperties={})], containerStatuses=[ContainerStatus(containerID=docker://7a0b9e46765c28510894e25b56f434df51a07cca6115432307381d77b985427b, image=docker.io/centos/********ql-96-centos7:latest, imageID=docker-pullable://docker.io/centos/********ql-96-centos7@sha256:b681d78125361519180a6ac05242c296f8906c11eab7e207b5ca9a89b6344392, lastState=ContainerState(running=null, terminated=null, waiting=null, additionalProperties={}), name=pg-container, ready=false, restartCount=0, started=null, state=ContainerState(running=ContainerStateRunning(startedAt=2021-01-29T09:48:08Z, additionalProperties={}), terminated=null, waiting=null, additionalProperties={}), additionalProperties={})], ephemeralContainerStatuses=[], hostIP=54.36.53.206, initContainerStatuses=[], message=null, nominatedNodeName=null, phase=Running, podIP=10.128.0.214, podIPs=[], qosClass=BestEffort, reason=null, startTime=2021-01-29T09:48:03Z, additionalProperties={})
MODIFIED:PodStatus(conditions=[PodCondition(lastProbeTime=null, lastTransitionTime=2021-01-29T09:48:03Z, message=null, reason=null, status=True, type=Initialized, additionalProperties={}), PodCondition(lastProbeTime=null, lastTransitionTime=2021-01-29T09:48:25Z, message=null, reason=null, status=True, type=Ready, additionalProperties={}), PodCondition(lastProbeTime=null, lastTransitionTime=null, message=null, reason=null, status=True, type=ContainersReady, additionalProperties={}), PodCondition(lastProbeTime=null, lastTransitionTime=2021-01-29T09:48:03Z, message=null, reason=null, status=True, type=PodScheduled, additionalProperties={})], containerStatuses=[ContainerStatus(containerID=docker://7a0b9e46765c28510894e25b56f434df51a07cca6115432307381d77b985427b, image=docker.io/centos/********ql-96-centos7:latest, imageID=docker-pullable://docker.io/centos/********ql-96-centos7@sha256:b681d78125361519180a6ac05242c296f8906c11eab7e207b5ca9a89b6344392, lastState=ContainerState(running=null, terminated=null, waiting=null, additionalProperties={}), name=pg-container, ready=****, restartCount=0, started=null, state=ContainerState(running=ContainerStateRunning(startedAt=2021-01-29T09:48:08Z, additionalProperties={}), terminated=null, waiting=null, additionalProperties={}), additionalProperties={})], ephemeralContainerStatuses=[], hostIP=54.36.53.206, initContainerStatuses=[], message=null, nominatedNodeName=null, phase=Running, podIP=10.128.0.214, podIPs=[], qosClass=BestEffort, reason=null, startTime=2021-01-29T09:48:03Z, additionalProperties={})
Finished: pg-test
Jan 29, 2021 9:48:27 AM org.entando.kubernetes.controller.integrationtest.support.DeletionWaiter lambda$deleteSingleItem$2
WARNING: Deleting configmaps  entando-k8s-plugin-controller-pcpr19/eci-entando-k8s-plugin-controller-pcpr19-eti-pcpr19-connection-config
javax.ws.rs.NotFoundException: HTTP 404 Not Found
!!!!!!!On EntandoPlugin add!!!!!!!!!
[ERROR] Tests run: 1, Failures: 0, Errors: 1, Skipped: 0, Time elapsed: 72.964 s <<< FAILURE! - in org.entando.kubernetes.controller.plugin.interprocesstests.AddEntandoPluginWithExternalPostgresqlDatabaseIT
[ERROR] org.entando.kubernetes.controller.plugin.interprocesstests.AddEntandoPluginWithExternalPostgresqlDatabaseIT.testCreate  Time elapsed: 72.013 s  <<< ERROR!
org.awaitility.core.ConditionTimeoutException: Condition with lambda expression in org.entando.kubernetes.controller.integrationtest.support.IntegrationTestHelperBase was not fulfilled within 45 seconds.
	at org.entando.kubernetes.controller.plugin.interprocesstests.AddEntandoPluginWithExternalPostgresqlDatabaseIT.testCreate(AddEntandoPluginWithExternalPostgresqlDatabaseIT.java:55)

[INFO] 
[INFO] Results:
[INFO] 
[ERROR] Errors: 
[ERROR]   AddEntandoPluginWithContainerizedDatabaseIT.testCreate:77->AddEntandoPluginBaseIT.createAndWaitForPlugin:81 Â» ConditionTimeout
[ERROR]   AddEntandoPluginWithContainerizedDatabaseIT.testCreate:77->AddEntandoPluginBaseIT.createAndWaitForPlugin:81 Â» ConditionTimeout
[ERROR]   AddEntandoPluginWithExternalPostgresqlDatabaseIT.testCreate:55->AddEntandoPluginBaseIT.createAndWaitForPlugin:81 Â» ConditionTimeout
[INFO] 
[ERROR] Tests run: 3, Failures: 0, Errors: 3, Skipped: 0
[INFO] 
[INFO] 
[INFO] --- maven-surefire-report-plugin:3.0.0-M4:failsafe-report-only (integration-tests) @ entando-k8s-plugin-controller ---
[WARNING] Unable to locate Test Source XRef to link to - DISABLED
[INFO] 
[INFO] --- maven-surefire-report-plugin:3.0.0-M4:report-only (unit-tests) @ entando-k8s-plugin-controller ---
[WARNING] Unable to locate Test Source XRef to link to - DISABLED
[INFO] 
[INFO] --- maven-failsafe-plugin:3.0.0-M4:verify (run-tests) @ entando-k8s-plugin-controller ---
[ERROR] There are test failures.

Please refer to /workspace/source/target/failsafe-reports for the individual test results.
Please refer to dump files (if any exist) [date].dump, [date]-***Run[N].dump and [date].dumpstream.
[INFO] 
[INFO] --- maven-site-plugin:3.9.0:site (default-site) @ entando-k8s-plugin-controller ---
[INFO] configuring report plugin org.apache.maven.plugins:maven-project-info-reports-plugin:3.0.0
[INFO] 9 reports configured for maven-project-info-reports-plugin:3.0.0: dependency-info, distribution-management, index, ci-management, issue-management, licenses, plugins, scm, summary
[INFO] Rendering site with default locale English (en)
[WARNING] Unable to find a URL to the parent project. The parent menu will NOT be added.
[INFO] Relativizing decoration links with respect to localized project URL: https://central.entando.com
[INFO] Rendering content with org.apache.maven.skins:maven-default-skin:jar:1.3 skin.
[INFO] Generating "Dependency Information" report --- maven-project-info-reports-plugin:3.0.0:dependency-info
[INFO] Generating "About" report         --- maven-project-info-reports-plugin:3.0.0:index
[INFO] Generating "Issue Management" report --- maven-project-info-reports-plugin:3.0.0:issue-management
[INFO] Generating "Licenses" report      --- maven-project-info-reports-plugin:3.0.0:licenses
[INFO] Generating "Plugins" report       --- maven-project-info-reports-plugin:3.0.0:plugins
[INFO] Generating "Source Code Management" report --- maven-project-info-reports-plugin:3.0.0:scm
[INFO] Generating "Summary" report       --- maven-project-info-reports-plugin:3.0.0:summary
[INFO] ------------------------------------------------------------------------
[INFO] BUILD SUCCESS
[INFO] ------------------------------------------------------------------------
[INFO] Total time:  03:02 min
[INFO] Finished at: 2021-01-29T09:49:17Z
[INFO] ------------------------------------------------------------------------
shallow cloning https://github.com/entando-k8s/devops-results.git branch gh-pages
ran git init in /tmp/jenkins-x-collect548430011
ran git add remote origin https://github.com/entando-k8s/devops-results.git in /tmp/jenkins-x-collect548430011
ran git fetch origin --depth=1 gh-pages in dir /tmp/jenkins-x-collect548430011
Publishing https://raw.githubusercontent.com/entando-k8s/devops-results/gh-pages/entando-k8s-plugin-controller/PR-19/failsafe-report.html
stashed: https://raw.githubusercontent.com/entando-k8s/devops-results/gh-pages/entando-k8s-plugin-controller/PR-19/failsafe-report.html
Post-deployment tests failed for entando-k8s-plugin-controller-PR-19.
  % Total    % Received % Xferd  Average Speed   Time    Time     Time  Current
                                 Dload  Upload   Total   Spent    Left  Speed
  0     0    0     0    0     0      0      0 --:--:-- --:--:-- --:--:--     0 11  1878    0     0  100   223      0    245 --:--:-- --:--:-- --:--:--   245100  1878  100  1655  100   223   1821    245 --:--:-- --:--:-- --:--:--  1820
{
  "url": "https://api.github.com/repos/entando-k8s/entando-k8s-plugin-controller/statuses/839ae22faec9aef6a719e9f1b06789a922eb2446",
  "avatar_url": "https://avatars.githubusercontent.com/u/57885396?v=4",
  "id": 12007831717,
  "node_id": "MDEzOlN0YXR1c0NvbnRleHQxMjAwNzgzMTcxNw==",
  "state": "failure",
  "description": "Post-deployment tests failure!",
  "target_url": "https://entando-k8s.github.io/devops-results/entando-k8s-plugin-controller/PR-19/failsafe-report.html",
  "context": "Post-deployment tests",
  "created_at": "2021-01-29T09:49:33Z",
  "updated_at": "2021-01-29T09:49:33Z",
  "creator": {
    "login": "entando-**",
    "id": 57885396,
    "node_id": "MDQ6VXNlcjU3ODg1Mzk2",
    "avatar_url": "https://avatars.githubusercontent.com/u/57885396?v=4",
    "gravatar_id": "",
    "url": "https://api.github.com/users/entando-**",
    "html_url": "https://github.com/**********",
    "followers_url": "https://api.github.com/users/entando-**/followers",
    "following_url": "https://api.github.com/users/entando-**/following{/other_user}",
    "gists_url": "https://api.github.com/users/entando-**/gists{/gist_id}",
    "starred_url": "https://api.github.com/users/**********/starred{/owner}{/repo}",
    "subscriptions_url": "https://api.github.com/users/entando-**/subscriptions",
    "organizations_url": "https://api.github.com/users/entando-**/orgs",
    "repos_url": "https://api.github.com/users/entando-**/repos",
    "events_url": "https://api.github.com/users/entando-**/events{/privacy}",
    "received_events_url": "https://api.github.com/users/entando-**/received_events",
    "type": "User",
    "site_*****": false
  }
}
[31m
Pipeline failed on stage 'from-build-pack' : container 'step-promote-run-post-deployment-tests'. The execution of the pipeline has stopped.[0m
